Starting up http-server, serving ./
Available on:
  http://127.0.0.1:8080
  http://192.168.5.97:8080
Hit CTRL-C to stop the server
[Thu May 11 2017 12:22:32 GMT+0530 (IST)] "GET /" "Mozilla/5.0 (Macintosh; Intel Mac OS X 10_12_4) AppleWebKit/603.1.30 (KHTML, like Gecko) Version/10.1 Safari/603.1.30"
[Thu May 11 2017 12:22:32 GMT+0530 (IST)] "GET /bower_components/bootstrap/dist/css/bootstrap.min.css" "Mozilla/5.0 (Macintosh; Intel Mac OS X 10_12_4) AppleWebKit/603.1.30 (KHTML, like Gecko) Version/10.1 Safari/603.1.30"
[Thu May 11 2017 12:22:32 GMT+0530 (IST)] "GET /bower_components/nvd3/build/nv.d3.css" "Mozilla/5.0 (Macintosh; Intel Mac OS X 10_12_4) AppleWebKit/603.1.30 (KHTML, like Gecko) Version/10.1 Safari/603.1.30"
[Thu May 11 2017 12:22:32 GMT+0530 (IST)] "GET /bower_components/cryptojslib/rollups/sha256.js" "Mozilla/5.0 (Macintosh; Intel Mac OS X 10_12_4) AppleWebKit/603.1.30 (KHTML, like Gecko) Version/10.1 Safari/603.1.30"
[Thu May 11 2017 12:22:32 GMT+0530 (IST)] "GET /bower_components/paho-mqtt-js/mqttws31.js" "Mozilla/5.0 (Macintosh; Intel Mac OS X 10_12_4) AppleWebKit/603.1.30 (KHTML, like Gecko) Version/10.1 Safari/603.1.30"
[Thu May 11 2017 12:22:32 GMT+0530 (IST)] "GET /bower_components/moment/min/moment.min.js" "Mozilla/5.0 (Macintosh; Intel Mac OS X 10_12_4) AppleWebKit/603.1.30 (KHTML, like Gecko) Version/10.1 Safari/603.1.30"
[Thu May 11 2017 12:22:32 GMT+0530 (IST)] "GET /bower_components/angular/angular.min.js" "Mozilla/5.0 (Macintosh; Intel Mac OS X 10_12_4) AppleWebKit/603.1.30 (KHTML, like Gecko) Version/10.1 Safari/603.1.30"
[Thu May 11 2017 12:22:32 GMT+0530 (IST)] "GET /bower_components/cryptojslib/rollups/hmac-sha256.js" "Mozilla/5.0 (Macintosh; Intel Mac OS X 10_12_4) AppleWebKit/603.1.30 (KHTML, like Gecko) Version/10.1 Safari/603.1.30"
[Thu May 11 2017 12:22:32 GMT+0530 (IST)] "GET /bower_components/d3/d3.js" "Mozilla/5.0 (Macintosh; Intel Mac OS X 10_12_4) AppleWebKit/603.1.30 (KHTML, like Gecko) Version/10.1 Safari/603.1.30"
[Thu May 11 2017 12:22:32 GMT+0530 (IST)] "GET /bower_components/nvd3/build/nv.d3.js" "Mozilla/5.0 (Macintosh; Intel Mac OS X 10_12_4) AppleWebKit/603.1.30 (KHTML, like Gecko) Version/10.1 Safari/603.1.30"
[Thu May 11 2017 12:22:32 GMT+0530 (IST)] "GET /js/app.js" "Mozilla/5.0 (Macintosh; Intel Mac OS X 10_12_4) AppleWebKit/603.1.30 (KHTML, like Gecko) Version/10.1 Safari/603.1.30"
[Thu May 11 2017 12:22:32 GMT+0530 (IST)] "GET /bower_components/angular-nvd3/dist/angular-nvd3.js" "Mozilla/5.0 (Macintosh; Intel Mac OS X 10_12_4) AppleWebKit/603.1.30 (KHTML, like Gecko) Version/10.1 Safari/603.1.30"
[Thu May 11 2017 12:32:48 GMT+0530 (IST)] "GET /bower_components/bootstrap/dist/css/bootstrap.min.css.map" "Mozilla/5.0 (Macintosh; Intel Mac OS X 10_12_4) AppleWebKit/603.1.30 (KHTML, like Gecko) Version/10.1 Safari/603.1.30"
[Thu May 11 2017 12:32:48 GMT+0530 (IST)] "GET /bower_components/angular/angular.min.js.map" "Mozilla/5.0 (Macintosh; Intel Mac OS X 10_12_4) AppleWebKit/603.1.30 (KHTML, like Gecko) Version/10.1 Safari/603.1.30"
[Thu May 11 2017 12:32:48 GMT+0530 (IST)] "GET /bower_components/nvd3/build/nv.d3.js.map" "Mozilla/5.0 (Macintosh; Intel Mac OS X 10_12_4) AppleWebKit/603.1.30 (KHTML, like Gecko) Version/10.1 Safari/603.1.30"
[Thu May 11 2017 12:35:57 GMT+0530 (IST)] "GET /" "Mozilla/5.0 (Macintosh; Intel Mac OS X 10_12_4) AppleWebKit/603.1.30 (KHTML, like Gecko) Version/10.1 Safari/603.1.30"
[Thu May 11 2017 12:35:57 GMT+0530 (IST)] "GET /bower_components/bootstrap/dist/css/bootstrap.min.css" "Mozilla/5.0 (Macintosh; Intel Mac OS X 10_12_4) AppleWebKit/603.1.30 (KHTML, like Gecko) Version/10.1 Safari/603.1.30"
[Thu May 11 2017 12:35:57 GMT+0530 (IST)] "GET /bower_components/moment/min/moment.min.js" "Mozilla/5.0 (Macintosh; Intel Mac OS X 10_12_4) AppleWebKit/603.1.30 (KHTML, like Gecko) Version/10.1 Safari/603.1.30"
[Thu May 11 2017 12:35:57 GMT+0530 (IST)] "GET /bower_components/nvd3/build/nv.d3.css" "Mozilla/5.0 (Macintosh; Intel Mac OS X 10_12_4) AppleWebKit/603.1.30 (KHTML, like Gecko) Version/10.1 Safari/603.1.30"
[Thu May 11 2017 12:35:57 GMT+0530 (IST)] "GET /bower_components/cryptojslib/rollups/hmac-sha256.js" "Mozilla/5.0 (Macintosh; Intel Mac OS X 10_12_4) AppleWebKit/603.1.30 (KHTML, like Gecko) Version/10.1 Safari/603.1.30"
[Thu May 11 2017 12:35:57 GMT+0530 (IST)] "GET /bower_components/angular/angular.min.js" "Mozilla/5.0 (Macintosh; Intel Mac OS X 10_12_4) AppleWebKit/603.1.30 (KHTML, like Gecko) Version/10.1 Safari/603.1.30"
[Thu May 11 2017 12:35:57 GMT+0530 (IST)] "GET /bower_components/cryptojslib/rollups/sha256.js" "Mozilla/5.0 (Macintosh; Intel Mac OS X 10_12_4) AppleWebKit/603.1.30 (KHTML, like Gecko) Version/10.1 Safari/603.1.30"
[Thu May 11 2017 12:35:57 GMT+0530 (IST)] "GET /bower_components/paho-mqtt-js/mqttws31.js" "Mozilla/5.0 (Macintosh; Intel Mac OS X 10_12_4) AppleWebKit/603.1.30 (KHTML, like Gecko) Version/10.1 Safari/603.1.30"
[Thu May 11 2017 12:35:57 GMT+0530 (IST)] "GET /bower_components/d3/d3.js" "Mozilla/5.0 (Macintosh; Intel Mac OS X 10_12_4) AppleWebKit/603.1.30 (KHTML, like Gecko) Version/10.1 Safari/603.1.30"
[Thu May 11 2017 12:35:57 GMT+0530 (IST)] "GET /bower_components/nvd3/build/nv.d3.js" "Mozilla/5.0 (Macintosh; Intel Mac OS X 10_12_4) AppleWebKit/603.1.30 (KHTML, like Gecko) Version/10.1 Safari/603.1.30"
[Thu May 11 2017 12:35:57 GMT+0530 (IST)] "GET /bower_components/angular-nvd3/dist/angular-nvd3.js" "Mozilla/5.0 (Macintosh; Intel Mac OS X 10_12_4) AppleWebKit/603.1.30 (KHTML, like Gecko) Version/10.1 Safari/603.1.30"
[Thu May 11 2017 12:35:57 GMT+0530 (IST)] "GET /js/app.js" "Mozilla/5.0 (Macintosh; Intel Mac OS X 10_12_4) AppleWebKit/603.1.30 (KHTML, like Gecko) Version/10.1 Safari/603.1.30"
[Thu May 11 2017 12:37:20 GMT+0530 (IST)] "GET /" "Mozilla/5.0 (Macintosh; Intel Mac OS X 10_12_4) AppleWebKit/603.1.30 (KHTML, like Gecko) Version/10.1 Safari/603.1.30"
[Thu May 11 2017 12:37:20 GMT+0530 (IST)] "GET /bower_components/bootstrap/dist/css/bootstrap.min.css" "Mozilla/5.0 (Macintosh; Intel Mac OS X 10_12_4) AppleWebKit/603.1.30 (KHTML, like Gecko) Version/10.1 Safari/603.1.30"
[Thu May 11 2017 12:37:20 GMT+0530 (IST)] "GET /bower_components/cryptojslib/rollups/hmac-sha256.js" "Mozilla/5.0 (Macintosh; Intel Mac OS X 10_12_4) AppleWebKit/603.1.30 (KHTML, like Gecko) Version/10.1 Safari/603.1.30"
[Thu May 11 2017 12:37:20 GMT+0530 (IST)] "GET /bower_components/moment/min/moment.min.js" "Mozilla/5.0 (Macintosh; Intel Mac OS X 10_12_4) AppleWebKit/603.1.30 (KHTML, like Gecko) Version/10.1 Safari/603.1.30"
[Thu May 11 2017 12:37:20 GMT+0530 (IST)] "GET /bower_components/nvd3/build/nv.d3.css" "Mozilla/5.0 (Macintosh; Intel Mac OS X 10_12_4) AppleWebKit/603.1.30 (KHTML, like Gecko) Version/10.1 Safari/603.1.30"
[Thu May 11 2017 12:37:20 GMT+0530 (IST)] "GET /bower_components/d3/d3.js" "Mozilla/5.0 (Macintosh; Intel Mac OS X 10_12_4) AppleWebKit/603.1.30 (KHTML, like Gecko) Version/10.1 Safari/603.1.30"
[Thu May 11 2017 12:37:20 GMT+0530 (IST)] "GET /bower_components/paho-mqtt-js/mqttws31.js" "Mozilla/5.0 (Macintosh; Intel Mac OS X 10_12_4) AppleWebKit/603.1.30 (KHTML, like Gecko) Version/10.1 Safari/603.1.30"
[Thu May 11 2017 12:37:20 GMT+0530 (IST)] "GET /bower_components/angular/angular.min.js" "Mozilla/5.0 (Macintosh; Intel Mac OS X 10_12_4) AppleWebKit/603.1.30 (KHTML, like Gecko) Version/10.1 Safari/603.1.30"
[Thu May 11 2017 12:37:20 GMT+0530 (IST)] "GET /bower_components/angular-nvd3/dist/angular-nvd3.js" "Mozilla/5.0 (Macintosh; Intel Mac OS X 10_12_4) AppleWebKit/603.1.30 (KHTML, like Gecko) Version/10.1 Safari/603.1.30"
[Thu May 11 2017 12:37:20 GMT+0530 (IST)] "GET /js/app.js" "Mozilla/5.0 (Macintosh; Intel Mac OS X 10_12_4) AppleWebKit/603.1.30 (KHTML, like Gecko) Version/10.1 Safari/603.1.30"
[Thu May 11 2017 12:37:20 GMT+0530 (IST)] "GET /bower_components/cryptojslib/rollups/sha256.js" "Mozilla/5.0 (Macintosh; Intel Mac OS X 10_12_4) AppleWebKit/603.1.30 (KHTML, like Gecko) Version/10.1 Safari/603.1.30"
[Thu May 11 2017 12:37:20 GMT+0530 (IST)] "GET /bower_components/nvd3/build/nv.d3.js" "Mozilla/5.0 (Macintosh; Intel Mac OS X 10_12_4) AppleWebKit/603.1.30 (KHTML, like Gecko) Version/10.1 Safari/603.1.30"
[Thu May 11 2017 12:37:39 GMT+0530 (IST)] "GET /" "Mozilla/5.0 (Macintosh; Intel Mac OS X 10_12_4) AppleWebKit/603.1.30 (KHTML, like Gecko) Version/10.1 Safari/603.1.30"
[Thu May 11 2017 12:37:40 GMT+0530 (IST)] "GET /bower_components/bootstrap/dist/css/bootstrap.min.css" "Mozilla/5.0 (Macintosh; Intel Mac OS X 10_12_4) AppleWebKit/603.1.30 (KHTML, like Gecko) Version/10.1 Safari/603.1.30"
[Thu May 11 2017 12:37:40 GMT+0530 (IST)] "GET /bower_components/nvd3/build/nv.d3.css" "Mozilla/5.0 (Macintosh; Intel Mac OS X 10_12_4) AppleWebKit/603.1.30 (KHTML, like Gecko) Version/10.1 Safari/603.1.30"
[Thu May 11 2017 12:37:40 GMT+0530 (IST)] "GET /bower_components/moment/min/moment.min.js" "Mozilla/5.0 (Macintosh; Intel Mac OS X 10_12_4) AppleWebKit/603.1.30 (KHTML, like Gecko) Version/10.1 Safari/603.1.30"
[Thu May 11 2017 12:37:40 GMT+0530 (IST)] "GET /bower_components/angular/angular.min.js" "Mozilla/5.0 (Macintosh; Intel Mac OS X 10_12_4) AppleWebKit/603.1.30 (KHTML, like Gecko) Version/10.1 Safari/603.1.30"
[Thu May 11 2017 12:37:40 GMT+0530 (IST)] "GET /bower_components/paho-mqtt-js/mqttws31.js" "Mozilla/5.0 (Macintosh; Intel Mac OS X 10_12_4) AppleWebKit/603.1.30 (KHTML, like Gecko) Version/10.1 Safari/603.1.30"
[Thu May 11 2017 12:37:40 GMT+0530 (IST)] "GET /bower_components/cryptojslib/rollups/sha256.js" "Mozilla/5.0 (Macintosh; Intel Mac OS X 10_12_4) AppleWebKit/603.1.30 (KHTML, like Gecko) Version/10.1 Safari/603.1.30"
[Thu May 11 2017 12:37:40 GMT+0530 (IST)] "GET /bower_components/d3/d3.js" "Mozilla/5.0 (Macintosh; Intel Mac OS X 10_12_4) AppleWebKit/603.1.30 (KHTML, like Gecko) Version/10.1 Safari/603.1.30"
[Thu May 11 2017 12:37:40 GMT+0530 (IST)] "GET /bower_components/cryptojslib/rollups/hmac-sha256.js" "Mozilla/5.0 (Macintosh; Intel Mac OS X 10_12_4) AppleWebKit/603.1.30 (KHTML, like Gecko) Version/10.1 Safari/603.1.30"
[Thu May 11 2017 12:37:40 GMT+0530 (IST)] "GET /bower_components/nvd3/build/nv.d3.js" "Mozilla/5.0 (Macintosh; Intel Mac OS X 10_12_4) AppleWebKit/603.1.30 (KHTML, like Gecko) Version/10.1 Safari/603.1.30"
[Thu May 11 2017 12:37:40 GMT+0530 (IST)] "GET /bower_components/angular-nvd3/dist/angular-nvd3.js" "Mozilla/5.0 (Macintosh; Intel Mac OS X 10_12_4) AppleWebKit/603.1.30 (KHTML, like Gecko) Version/10.1 Safari/603.1.30"
[Thu May 11 2017 12:37:40 GMT+0530 (IST)] "GET /js/app.js" "Mozilla/5.0 (Macintosh; Intel Mac OS X 10_12_4) AppleWebKit/603.1.30 (KHTML, like Gecko) Version/10.1 Safari/603.1.30"
[Thu May 11 2017 12:39:09 GMT+0530 (IST)] "GET /" "Mozilla/5.0 (Macintosh; Intel Mac OS X 10_12_4) AppleWebKit/603.1.30 (KHTML, like Gecko) Version/10.1 Safari/603.1.30"
[Thu May 11 2017 12:39:09 GMT+0530 (IST)] "GET /bower_components/bootstrap/dist/css/bootstrap.min.css" "Mozilla/5.0 (Macintosh; Intel Mac OS X 10_12_4) AppleWebKit/603.1.30 (KHTML, like Gecko) Version/10.1 Safari/603.1.30"
[Thu May 11 2017 12:39:09 GMT+0530 (IST)] "GET /bower_components/d3/d3.js" "Mozilla/5.0 (Macintosh; Intel Mac OS X 10_12_4) AppleWebKit/603.1.30 (KHTML, like Gecko) Version/10.1 Safari/603.1.30"
[Thu May 11 2017 12:39:09 GMT+0530 (IST)] "GET /bower_components/paho-mqtt-js/mqttws31.js" "Mozilla/5.0 (Macintosh; Intel Mac OS X 10_12_4) AppleWebKit/603.1.30 (KHTML, like Gecko) Version/10.1 Safari/603.1.30"
[Thu May 11 2017 12:39:09 GMT+0530 (IST)] "GET /bower_components/moment/min/moment.min.js" "Mozilla/5.0 (Macintosh; Intel Mac OS X 10_12_4) AppleWebKit/603.1.30 (KHTML, like Gecko) Version/10.1 Safari/603.1.30"
[Thu May 11 2017 12:39:09 GMT+0530 (IST)] "GET /bower_components/angular-nvd3/dist/angular-nvd3.js" "Mozilla/5.0 (Macintosh; Intel Mac OS X 10_12_4) AppleWebKit/603.1.30 (KHTML, like Gecko) Version/10.1 Safari/603.1.30"
[Thu May 11 2017 12:39:09 GMT+0530 (IST)] "GET /bower_components/cryptojslib/rollups/sha256.js" "Mozilla/5.0 (Macintosh; Intel Mac OS X 10_12_4) AppleWebKit/603.1.30 (KHTML, like Gecko) Version/10.1 Safari/603.1.30"
[Thu May 11 2017 12:39:09 GMT+0530 (IST)] "GET /bower_components/cryptojslib/rollups/hmac-sha256.js" "Mozilla/5.0 (Macintosh; Intel Mac OS X 10_12_4) AppleWebKit/603.1.30 (KHTML, like Gecko) Version/10.1 Safari/603.1.30"
[Thu May 11 2017 12:39:09 GMT+0530 (IST)] "GET /bower_components/nvd3/build/nv.d3.js" "Mozilla/5.0 (Macintosh; Intel Mac OS X 10_12_4) AppleWebKit/603.1.30 (KHTML, like Gecko) Version/10.1 Safari/603.1.30"
[Thu May 11 2017 12:39:09 GMT+0530 (IST)] "GET /js/app.js" "Mozilla/5.0 (Macintosh; Intel Mac OS X 10_12_4) AppleWebKit/603.1.30 (KHTML, like Gecko) Version/10.1 Safari/603.1.30"
[Thu May 11 2017 12:39:09 GMT+0530 (IST)] "GET /bower_components/angular/angular.min.js" "Mozilla/5.0 (Macintosh; Intel Mac OS X 10_12_4) AppleWebKit/603.1.30 (KHTML, like Gecko) Version/10.1 Safari/603.1.30"
[Thu May 11 2017 12:39:09 GMT+0530 (IST)] "GET /bower_components/nvd3/build/nv.d3.css" "Mozilla/5.0 (Macintosh; Intel Mac OS X 10_12_4) AppleWebKit/603.1.30 (KHTML, like Gecko) Version/10.1 Safari/603.1.30"
[Thu May 11 2017 12:39:43 GMT+0530 (IST)] "GET /" "Mozilla/5.0 (Macintosh; Intel Mac OS X 10_12_4) AppleWebKit/603.1.30 (KHTML, like Gecko) Version/10.1 Safari/603.1.30"
[Thu May 11 2017 12:39:43 GMT+0530 (IST)] "GET /bower_components/angular/angular.min.js" "Mozilla/5.0 (Macintosh; Intel Mac OS X 10_12_4) AppleWebKit/603.1.30 (KHTML, like Gecko) Version/10.1 Safari/603.1.30"
[Thu May 11 2017 12:39:43 GMT+0530 (IST)] "GET /bower_components/bootstrap/dist/css/bootstrap.min.css" "Mozilla/5.0 (Macintosh; Intel Mac OS X 10_12_4) AppleWebKit/603.1.30 (KHTML, like Gecko) Version/10.1 Safari/603.1.30"
[Thu May 11 2017 12:39:43 GMT+0530 (IST)] "GET /bower_components/paho-mqtt-js/mqttws31.js" "Mozilla/5.0 (Macintosh; Intel Mac OS X 10_12_4) AppleWebKit/603.1.30 (KHTML, like Gecko) Version/10.1 Safari/603.1.30"
[Thu May 11 2017 12:39:43 GMT+0530 (IST)] "GET /bower_components/cryptojslib/rollups/sha256.js" "Mozilla/5.0 (Macintosh; Intel Mac OS X 10_12_4) AppleWebKit/603.1.30 (KHTML, like Gecko) Version/10.1 Safari/603.1.30"
[Thu May 11 2017 12:39:43 GMT+0530 (IST)] "GET /bower_components/cryptojslib/rollups/hmac-sha256.js" "Mozilla/5.0 (Macintosh; Intel Mac OS X 10_12_4) AppleWebKit/603.1.30 (KHTML, like Gecko) Version/10.1 Safari/603.1.30"
[Thu May 11 2017 12:39:43 GMT+0530 (IST)] "GET /bower_components/d3/d3.js" "Mozilla/5.0 (Macintosh; Intel Mac OS X 10_12_4) AppleWebKit/603.1.30 (KHTML, like Gecko) Version/10.1 Safari/603.1.30"
[Thu May 11 2017 12:39:43 GMT+0530 (IST)] "GET /bower_components/nvd3/build/nv.d3.css" "Mozilla/5.0 (Macintosh; Intel Mac OS X 10_12_4) AppleWebKit/603.1.30 (KHTML, like Gecko) Version/10.1 Safari/603.1.30"
[Thu May 11 2017 12:39:43 GMT+0530 (IST)] "GET /bower_components/angular-nvd3/dist/angular-nvd3.js" "Mozilla/5.0 (Macintosh; Intel Mac OS X 10_12_4) AppleWebKit/603.1.30 (KHTML, like Gecko) Version/10.1 Safari/603.1.30"
[Thu May 11 2017 12:39:43 GMT+0530 (IST)] "GET /js/app.js" "Mozilla/5.0 (Macintosh; Intel Mac OS X 10_12_4) AppleWebKit/603.1.30 (KHTML, like Gecko) Version/10.1 Safari/603.1.30"
[Thu May 11 2017 12:39:43 GMT+0530 (IST)] "GET /bower_components/nvd3/build/nv.d3.js" "Mozilla/5.0 (Macintosh; Intel Mac OS X 10_12_4) AppleWebKit/603.1.30 (KHTML, like Gecko) Version/10.1 Safari/603.1.30"
[Thu May 11 2017 12:40:49 GMT+0530 (IST)] "GET /" "Mozilla/5.0 (Macintosh; Intel Mac OS X 10_12_4) AppleWebKit/603.1.30 (KHTML, like Gecko) Version/10.1 Safari/603.1.30"
[Thu May 11 2017 12:40:49 GMT+0530 (IST)] "GET /bower_components/bootstrap/dist/css/bootstrap.min.css" "Mozilla/5.0 (Macintosh; Intel Mac OS X 10_12_4) AppleWebKit/603.1.30 (KHTML, like Gecko) Version/10.1 Safari/603.1.30"
[Thu May 11 2017 12:40:49 GMT+0530 (IST)] "GET /bower_components/moment/min/moment.min.js" "Mozilla/5.0 (Macintosh; Intel Mac OS X 10_12_4) AppleWebKit/603.1.30 (KHTML, like Gecko) Version/10.1 Safari/603.1.30"
[Thu May 11 2017 12:40:49 GMT+0530 (IST)] "GET /bower_components/nvd3/build/nv.d3.js" "Mozilla/5.0 (Macintosh; Intel Mac OS X 10_12_4) AppleWebKit/603.1.30 (KHTML, like Gecko) Version/10.1 Safari/603.1.30"
[Thu May 11 2017 12:40:49 GMT+0530 (IST)] "GET /bower_components/cryptojslib/rollups/hmac-sha256.js" "Mozilla/5.0 (Macintosh; Intel Mac OS X 10_12_4) AppleWebKit/603.1.30 (KHTML, like Gecko) Version/10.1 Safari/603.1.30"
[Thu May 11 2017 12:40:49 GMT+0530 (IST)] "GET /bower_components/angular/angular.min.js" "Mozilla/5.0 (Macintosh; Intel Mac OS X 10_12_4) AppleWebKit/603.1.30 (KHTML, like Gecko) Version/10.1 Safari/603.1.30"
[Thu May 11 2017 12:40:49 GMT+0530 (IST)] "GET /bower_components/d3/d3.js" "Mozilla/5.0 (Macintosh; Intel Mac OS X 10_12_4) AppleWebKit/603.1.30 (KHTML, like Gecko) Version/10.1 Safari/603.1.30"
[Thu May 11 2017 12:40:49 GMT+0530 (IST)] "GET /bower_components/nvd3/build/nv.d3.css" "Mozilla/5.0 (Macintosh; Intel Mac OS X 10_12_4) AppleWebKit/603.1.30 (KHTML, like Gecko) Version/10.1 Safari/603.1.30"
[Thu May 11 2017 12:40:49 GMT+0530 (IST)] "GET /js/app.js" "Mozilla/5.0 (Macintosh; Intel Mac OS X 10_12_4) AppleWebKit/603.1.30 (KHTML, like Gecko) Version/10.1 Safari/603.1.30"
[Thu May 11 2017 12:40:49 GMT+0530 (IST)] "GET /bower_components/cryptojslib/rollups/sha256.js" "Mozilla/5.0 (Macintosh; Intel Mac OS X 10_12_4) AppleWebKit/603.1.30 (KHTML, like Gecko) Version/10.1 Safari/603.1.30"
[Thu May 11 2017 12:40:49 GMT+0530 (IST)] "GET /bower_components/angular-nvd3/dist/angular-nvd3.js" "Mozilla/5.0 (Macintosh; Intel Mac OS X 10_12_4) AppleWebKit/603.1.30 (KHTML, like Gecko) Version/10.1 Safari/603.1.30"
[Thu May 11 2017 12:41:28 GMT+0530 (IST)] "GET /" "Mozilla/5.0 (Macintosh; Intel Mac OS X 10_12_4) AppleWebKit/603.1.30 (KHTML, like Gecko) Version/10.1 Safari/603.1.30"
[Thu May 11 2017 12:41:28 GMT+0530 (IST)] "GET /bower_components/bootstrap/dist/css/bootstrap.min.css" "Mozilla/5.0 (Macintosh; Intel Mac OS X 10_12_4) AppleWebKit/603.1.30 (KHTML, like Gecko) Version/10.1 Safari/603.1.30"
[Thu May 11 2017 12:41:28 GMT+0530 (IST)] "GET /bower_components/moment/min/moment.min.js" "Mozilla/5.0 (Macintosh; Intel Mac OS X 10_12_4) AppleWebKit/603.1.30 (KHTML, like Gecko) Version/10.1 Safari/603.1.30"
[Thu May 11 2017 12:41:28 GMT+0530 (IST)] "GET /bower_components/angular/angular.min.js" "Mozilla/5.0 (Macintosh; Intel Mac OS X 10_12_4) AppleWebKit/603.1.30 (KHTML, like Gecko) Version/10.1 Safari/603.1.30"
[Thu May 11 2017 12:41:28 GMT+0530 (IST)] "GET /bower_components/d3/d3.js" "Mozilla/5.0 (Macintosh; Intel Mac OS X 10_12_4) AppleWebKit/603.1.30 (KHTML, like Gecko) Version/10.1 Safari/603.1.30"
[Thu May 11 2017 12:41:28 GMT+0530 (IST)] "GET /bower_components/angular-nvd3/dist/angular-nvd3.js" "Mozilla/5.0 (Macintosh; Intel Mac OS X 10_12_4) AppleWebKit/603.1.30 (KHTML, like Gecko) Version/10.1 Safari/603.1.30"
[Thu May 11 2017 12:41:28 GMT+0530 (IST)] "GET /bower_components/nvd3/build/nv.d3.css" "Mozilla/5.0 (Macintosh; Intel Mac OS X 10_12_4) AppleWebKit/603.1.30 (KHTML, like Gecko) Version/10.1 Safari/603.1.30"
[Thu May 11 2017 12:41:28 GMT+0530 (IST)] "GET /bower_components/nvd3/build/nv.d3.js" "Mozilla/5.0 (Macintosh; Intel Mac OS X 10_12_4) AppleWebKit/603.1.30 (KHTML, like Gecko) Version/10.1 Safari/603.1.30"
[Thu May 11 2017 12:41:28 GMT+0530 (IST)] "GET /bower_components/paho-mqtt-js/mqttws31.js" "Mozilla/5.0 (Macintosh; Intel Mac OS X 10_12_4) AppleWebKit/603.1.30 (KHTML, like Gecko) Version/10.1 Safari/603.1.30"
[Thu May 11 2017 12:41:28 GMT+0530 (IST)] "GET /bower_components/cryptojslib/rollups/sha256.js" "Mozilla/5.0 (Macintosh; Intel Mac OS X 10_12_4) AppleWebKit/603.1.30 (KHTML, like Gecko) Version/10.1 Safari/603.1.30"
[Thu May 11 2017 12:41:28 GMT+0530 (IST)] "GET /bower_components/cryptojslib/rollups/hmac-sha256.js" "Mozilla/5.0 (Macintosh; Intel Mac OS X 10_12_4) AppleWebKit/603.1.30 (KHTML, like Gecko) Version/10.1 Safari/603.1.30"
[Thu May 11 2017 12:41:28 GMT+0530 (IST)] "GET /js/app.js" "Mozilla/5.0 (Macintosh; Intel Mac OS X 10_12_4) AppleWebKit/603.1.30 (KHTML, like Gecko) Version/10.1 Safari/603.1.30"
[Thu May 11 2017 12:42:43 GMT+0530 (IST)] "GET /" "Mozilla/5.0 (Macintosh; Intel Mac OS X 10_12_4) AppleWebKit/603.1.30 (KHTML, like Gecko) Version/10.1 Safari/603.1.30"
[Thu May 11 2017 12:42:43 GMT+0530 (IST)] "GET /bower_components/bootstrap/dist/css/bootstrap.min.css" "Mozilla/5.0 (Macintosh; Intel Mac OS X 10_12_4) AppleWebKit/603.1.30 (KHTML, like Gecko) Version/10.1 Safari/603.1.30"
[Thu May 11 2017 12:42:43 GMT+0530 (IST)] "GET /bower_components/nvd3/build/nv.d3.css" "Mozilla/5.0 (Macintosh; Intel Mac OS X 10_12_4) AppleWebKit/603.1.30 (KHTML, like Gecko) Version/10.1 Safari/603.1.30"
[Thu May 11 2017 12:42:43 GMT+0530 (IST)] "GET /bower_components/moment/min/moment.min.js" "Mozilla/5.0 (Macintosh; Intel Mac OS X 10_12_4) AppleWebKit/603.1.30 (KHTML, like Gecko) Version/10.1 Safari/603.1.30"
[Thu May 11 2017 12:42:43 GMT+0530 (IST)] "GET /bower_components/d3/d3.js" "Mozilla/5.0 (Macintosh; Intel Mac OS X 10_12_4) AppleWebKit/603.1.30 (KHTML, like Gecko) Version/10.1 Safari/603.1.30"
[Thu May 11 2017 12:42:43 GMT+0530 (IST)] "GET /bower_components/angular-nvd3/dist/angular-nvd3.js" "Mozilla/5.0 (Macintosh; Intel Mac OS X 10_12_4) AppleWebKit/603.1.30 (KHTML, like Gecko) Version/10.1 Safari/603.1.30"
[Thu May 11 2017 12:42:43 GMT+0530 (IST)] "GET /bower_components/nvd3/build/nv.d3.js" "Mozilla/5.0 (Macintosh; Intel Mac OS X 10_12_4) AppleWebKit/603.1.30 (KHTML, like Gecko) Version/10.1 Safari/603.1.30"
[Thu May 11 2017 12:42:43 GMT+0530 (IST)] "GET /bower_components/paho-mqtt-js/mqttws31.js" "Mozilla/5.0 (Macintosh; Intel Mac OS X 10_12_4) AppleWebKit/603.1.30 (KHTML, like Gecko) Version/10.1 Safari/603.1.30"
[Thu May 11 2017 12:42:43 GMT+0530 (IST)] "GET /bower_components/cryptojslib/rollups/sha256.js" "Mozilla/5.0 (Macintosh; Intel Mac OS X 10_12_4) AppleWebKit/603.1.30 (KHTML, like Gecko) Version/10.1 Safari/603.1.30"
[Thu May 11 2017 12:42:43 GMT+0530 (IST)] "GET /bower_components/cryptojslib/rollups/hmac-sha256.js" "Mozilla/5.0 (Macintosh; Intel Mac OS X 10_12_4) AppleWebKit/603.1.30 (KHTML, like Gecko) Version/10.1 Safari/603.1.30"
[Thu May 11 2017 12:42:43 GMT+0530 (IST)] "GET /bower_components/angular/angular.min.js" "Mozilla/5.0 (Macintosh; Intel Mac OS X 10_12_4) AppleWebKit/603.1.30 (KHTML, like Gecko) Version/10.1 Safari/603.1.30"
[Thu May 11 2017 12:42:43 GMT+0530 (IST)] "GET /js/app.js" "Mozilla/5.0 (Macintosh; Intel Mac OS X 10_12_4) AppleWebKit/603.1.30 (KHTML, like Gecko) Version/10.1 Safari/603.1.30"
http-server stopped.
Starting up http-server, serving ./
Available on:
  http://127.0.0.1:8080
  http://192.168.5.97:8080
Hit CTRL-C to stop the server
[Thu May 11 2017 12:53:05 GMT+0530 (IST)] "GET /" "Mozilla/5.0 (Macintosh; Intel Mac OS X 10_12_4) AppleWebKit/603.1.30 (KHTML, like Gecko) Version/10.1 Safari/603.1.30"
[Thu May 11 2017 12:53:05 GMT+0530 (IST)] "GET /bower_components/bootstrap/dist/css/bootstrap.min.css" "Mozilla/5.0 (Macintosh; Intel Mac OS X 10_12_4) AppleWebKit/603.1.30 (KHTML, like Gecko) Version/10.1 Safari/603.1.30"
[Thu May 11 2017 12:53:05 GMT+0530 (IST)] "GET /node_modules/d3/d3.min.js" "Mozilla/5.0 (Macintosh; Intel Mac OS X 10_12_4) AppleWebKit/603.1.30 (KHTML, like Gecko) Version/10.1 Safari/603.1.30"
[Thu May 11 2017 12:53:05 GMT+0530 (IST)] "GET /node_modules/angular/angular.min.js" "Mozilla/5.0 (Macintosh; Intel Mac OS X 10_12_4) AppleWebKit/603.1.30 (KHTML, like Gecko) Version/10.1 Safari/603.1.30"
[Thu May 11 2017 12:53:05 GMT+0530 (IST)] "GET /node_modules/n3-charts/build/LineChart.css" "Mozilla/5.0 (Macintosh; Intel Mac OS X 10_12_4) AppleWebKit/603.1.30 (KHTML, like Gecko) Version/10.1 Safari/603.1.30"
[Thu May 11 2017 12:53:05 GMT+0530 (IST)] "GET /node_modules/n3-charts/build/LineChart.js" "Mozilla/5.0 (Macintosh; Intel Mac OS X 10_12_4) AppleWebKit/603.1.30 (KHTML, like Gecko) Version/10.1 Safari/603.1.30"
[Thu May 11 2017 12:53:05 GMT+0530 (IST)] "GET /bower_components/angular/angular.min.js" "Mozilla/5.0 (Macintosh; Intel Mac OS X 10_12_4) AppleWebKit/603.1.30 (KHTML, like Gecko) Version/10.1 Safari/603.1.30"
[Thu May 11 2017 12:53:05 GMT+0530 (IST)] "GET /bower_components/moment/min/moment.min.js" "Mozilla/5.0 (Macintosh; Intel Mac OS X 10_12_4) AppleWebKit/603.1.30 (KHTML, like Gecko) Version/10.1 Safari/603.1.30"
[Thu May 11 2017 12:53:05 GMT+0530 (IST)] "GET /node_modules/d3/d3.min.js" Error (404): "Not found"
[Thu May 11 2017 12:53:05 GMT+0530 (IST)] "GET /node_modules/angular/angular.min.js" Error (404): "Not found"
[Thu May 11 2017 12:53:05 GMT+0530 (IST)] "GET /bower_components/paho-mqtt-js/mqttws31.js" "Mozilla/5.0 (Macintosh; Intel Mac OS X 10_12_4) AppleWebKit/603.1.30 (KHTML, like Gecko) Version/10.1 Safari/603.1.30"
[Thu May 11 2017 12:53:05 GMT+0530 (IST)] "GET /bower_components/cryptojslib/rollups/hmac-sha256.js" "Mozilla/5.0 (Macintosh; Intel Mac OS X 10_12_4) AppleWebKit/603.1.30 (KHTML, like Gecko) Version/10.1 Safari/603.1.30"
[Thu May 11 2017 12:53:05 GMT+0530 (IST)] "GET /bower_components/cryptojslib/rollups/sha256.js" "Mozilla/5.0 (Macintosh; Intel Mac OS X 10_12_4) AppleWebKit/603.1.30 (KHTML, like Gecko) Version/10.1 Safari/603.1.30"
[Thu May 11 2017 12:53:05 GMT+0530 (IST)] "GET /js/app.js" "Mozilla/5.0 (Macintosh; Intel Mac OS X 10_12_4) AppleWebKit/603.1.30 (KHTML, like Gecko) Version/10.1 Safari/603.1.30"
[Thu May 11 2017 12:54:47 GMT+0530 (IST)] "GET /" "Mozilla/5.0 (Macintosh; Intel Mac OS X 10_12_4) AppleWebKit/603.1.30 (KHTML, like Gecko) Version/10.1 Safari/603.1.30"
[Thu May 11 2017 12:54:47 GMT+0530 (IST)] "GET /bower_components/bootstrap/dist/css/bootstrap.min.css" "Mozilla/5.0 (Macintosh; Intel Mac OS X 10_12_4) AppleWebKit/603.1.30 (KHTML, like Gecko) Version/10.1 Safari/603.1.30"
[Thu May 11 2017 12:54:47 GMT+0530 (IST)] "GET /bower_components/cryptojslib/rollups/sha256.js" "Mozilla/5.0 (Macintosh; Intel Mac OS X 10_12_4) AppleWebKit/603.1.30 (KHTML, like Gecko) Version/10.1 Safari/603.1.30"
[Thu May 11 2017 12:54:47 GMT+0530 (IST)] "GET /bower_components/angular/angular.min.js" "Mozilla/5.0 (Macintosh; Intel Mac OS X 10_12_4) AppleWebKit/603.1.30 (KHTML, like Gecko) Version/10.1 Safari/603.1.30"
[Thu May 11 2017 12:54:47 GMT+0530 (IST)] "GET /bower_components/d3/d3.min.js" "Mozilla/5.0 (Macintosh; Intel Mac OS X 10_12_4) AppleWebKit/603.1.30 (KHTML, like Gecko) Version/10.1 Safari/603.1.30"
[Thu May 11 2017 12:54:47 GMT+0530 (IST)] "GET /node_modules/n3-charts/build/LineChart.js" "Mozilla/5.0 (Macintosh; Intel Mac OS X 10_12_4) AppleWebKit/603.1.30 (KHTML, like Gecko) Version/10.1 Safari/603.1.30"
[Thu May 11 2017 12:54:47 GMT+0530 (IST)] "GET /bower_components/paho-mqtt-js/mqttws31.js" "Mozilla/5.0 (Macintosh; Intel Mac OS X 10_12_4) AppleWebKit/603.1.30 (KHTML, like Gecko) Version/10.1 Safari/603.1.30"
[Thu May 11 2017 12:54:47 GMT+0530 (IST)] "GET /node_modules/n3-charts/build/LineChart.css" "Mozilla/5.0 (Macintosh; Intel Mac OS X 10_12_4) AppleWebKit/603.1.30 (KHTML, like Gecko) Version/10.1 Safari/603.1.30"
[Thu May 11 2017 12:54:47 GMT+0530 (IST)] "GET /bower_components/cryptojslib/rollups/hmac-sha256.js" "Mozilla/5.0 (Macintosh; Intel Mac OS X 10_12_4) AppleWebKit/603.1.30 (KHTML, like Gecko) Version/10.1 Safari/603.1.30"
[Thu May 11 2017 12:54:47 GMT+0530 (IST)] "GET /js/app.js" "Mozilla/5.0 (Macintosh; Intel Mac OS X 10_12_4) AppleWebKit/603.1.30 (KHTML, like Gecko) Version/10.1 Safari/603.1.30"
[Thu May 11 2017 12:54:47 GMT+0530 (IST)] "GET /bower_components/moment/min/moment.min.js" "Mozilla/5.0 (Macintosh; Intel Mac OS X 10_12_4) AppleWebKit/603.1.30 (KHTML, like Gecko) Version/10.1 Safari/603.1.30"
[Thu May 11 2017 13:00:15 GMT+0530 (IST)] "GET /" "Mozilla/5.0 (Macintosh; Intel Mac OS X 10_12_4) AppleWebKit/603.1.30 (KHTML, like Gecko) Version/10.1 Safari/603.1.30"
[Thu May 11 2017 13:00:15 GMT+0530 (IST)] "GET /bower_components/bootstrap/dist/css/bootstrap.min.css" "Mozilla/5.0 (Macintosh; Intel Mac OS X 10_12_4) AppleWebKit/603.1.30 (KHTML, like Gecko) Version/10.1 Safari/603.1.30"
[Thu May 11 2017 13:00:15 GMT+0530 (IST)] "GET /bower_components/angular/angular.min.js" "Mozilla/5.0 (Macintosh; Intel Mac OS X 10_12_4) AppleWebKit/603.1.30 (KHTML, like Gecko) Version/10.1 Safari/603.1.30"
[Thu May 11 2017 13:00:15 GMT+0530 (IST)] "GET /bower_components/moment/min/moment.min.js" "Mozilla/5.0 (Macintosh; Intel Mac OS X 10_12_4) AppleWebKit/603.1.30 (KHTML, like Gecko) Version/10.1 Safari/603.1.30"
[Thu May 11 2017 13:00:15 GMT+0530 (IST)] "GET /bower_components/cryptojslib/rollups/hmac-sha256.js" "Mozilla/5.0 (Macintosh; Intel Mac OS X 10_12_4) AppleWebKit/603.1.30 (KHTML, like Gecko) Version/10.1 Safari/603.1.30"
[Thu May 11 2017 13:00:15 GMT+0530 (IST)] "GET /bower_components/d3/d3.min.js" "Mozilla/5.0 (Macintosh; Intel Mac OS X 10_12_4) AppleWebKit/603.1.30 (KHTML, like Gecko) Version/10.1 Safari/603.1.30"
[Thu May 11 2017 13:00:15 GMT+0530 (IST)] "GET /node_modules/n3-charts/build/LineChart.js" "Mozilla/5.0 (Macintosh; Intel Mac OS X 10_12_4) AppleWebKit/603.1.30 (KHTML, like Gecko) Version/10.1 Safari/603.1.30"
[Thu May 11 2017 13:00:15 GMT+0530 (IST)] "GET /bower_components/cryptojslib/rollups/sha256.js" "Mozilla/5.0 (Macintosh; Intel Mac OS X 10_12_4) AppleWebKit/603.1.30 (KHTML, like Gecko) Version/10.1 Safari/603.1.30"
[Thu May 11 2017 13:00:15 GMT+0530 (IST)] "GET /bower_components/paho-mqtt-js/mqttws31.js" "Mozilla/5.0 (Macintosh; Intel Mac OS X 10_12_4) AppleWebKit/603.1.30 (KHTML, like Gecko) Version/10.1 Safari/603.1.30"
[Thu May 11 2017 13:00:15 GMT+0530 (IST)] "GET /js/app.js" "Mozilla/5.0 (Macintosh; Intel Mac OS X 10_12_4) AppleWebKit/603.1.30 (KHTML, like Gecko) Version/10.1 Safari/603.1.30"
[Thu May 11 2017 13:00:15 GMT+0530 (IST)] "GET /node_modules/n3-charts/build/LineChart.css" "Mozilla/5.0 (Macintosh; Intel Mac OS X 10_12_4) AppleWebKit/603.1.30 (KHTML, like Gecko) Version/10.1 Safari/603.1.30"
[Thu May 11 2017 13:00:18 GMT+0530 (IST)] "GET /" "Mozilla/5.0 (Macintosh; Intel Mac OS X 10_12_4) AppleWebKit/603.1.30 (KHTML, like Gecko) Version/10.1 Safari/603.1.30"
[Thu May 11 2017 13:00:18 GMT+0530 (IST)] "GET /bower_components/angular/angular.min.js" "Mozilla/5.0 (Macintosh; Intel Mac OS X 10_12_4) AppleWebKit/603.1.30 (KHTML, like Gecko) Version/10.1 Safari/603.1.30"
[Thu May 11 2017 13:00:18 GMT+0530 (IST)] "GET /bower_components/bootstrap/dist/css/bootstrap.min.css" "Mozilla/5.0 (Macintosh; Intel Mac OS X 10_12_4) AppleWebKit/603.1.30 (KHTML, like Gecko) Version/10.1 Safari/603.1.30"
[Thu May 11 2017 13:00:18 GMT+0530 (IST)] "GET /bower_components/d3/d3.min.js" "Mozilla/5.0 (Macintosh; Intel Mac OS X 10_12_4) AppleWebKit/603.1.30 (KHTML, like Gecko) Version/10.1 Safari/603.1.30"
[Thu May 11 2017 13:00:18 GMT+0530 (IST)] "GET /node_modules/n3-charts/build/LineChart.js" "Mozilla/5.0 (Macintosh; Intel Mac OS X 10_12_4) AppleWebKit/603.1.30 (KHTML, like Gecko) Version/10.1 Safari/603.1.30"
[Thu May 11 2017 13:00:18 GMT+0530 (IST)] "GET /node_modules/n3-charts/build/LineChart.css" "Mozilla/5.0 (Macintosh; Intel Mac OS X 10_12_4) AppleWebKit/603.1.30 (KHTML, like Gecko) Version/10.1 Safari/603.1.30"
[Thu May 11 2017 13:00:18 GMT+0530 (IST)] "GET /bower_components/moment/min/moment.min.js" "Mozilla/5.0 (Macintosh; Intel Mac OS X 10_12_4) AppleWebKit/603.1.30 (KHTML, like Gecko) Version/10.1 Safari/603.1.30"
[Thu May 11 2017 13:00:18 GMT+0530 (IST)] "GET /bower_components/paho-mqtt-js/mqttws31.js" "Mozilla/5.0 (Macintosh; Intel Mac OS X 10_12_4) AppleWebKit/603.1.30 (KHTML, like Gecko) Version/10.1 Safari/603.1.30"
[Thu May 11 2017 13:00:18 GMT+0530 (IST)] "GET /bower_components/cryptojslib/rollups/sha256.js" "Mozilla/5.0 (Macintosh; Intel Mac OS X 10_12_4) AppleWebKit/603.1.30 (KHTML, like Gecko) Version/10.1 Safari/603.1.30"
[Thu May 11 2017 13:00:18 GMT+0530 (IST)] "GET /js/app.js" "Mozilla/5.0 (Macintosh; Intel Mac OS X 10_12_4) AppleWebKit/603.1.30 (KHTML, like Gecko) Version/10.1 Safari/603.1.30"
[Thu May 11 2017 13:00:18 GMT+0530 (IST)] "GET /bower_components/cryptojslib/rollups/hmac-sha256.js" "Mozilla/5.0 (Macintosh; Intel Mac OS X 10_12_4) AppleWebKit/603.1.30 (KHTML, like Gecko) Version/10.1 Safari/603.1.30"
[Thu May 11 2017 13:07:16 GMT+0530 (IST)] "GET /" "Mozilla/5.0 (Macintosh; Intel Mac OS X 10_12_4) AppleWebKit/603.1.30 (KHTML, like Gecko) Version/10.1 Safari/603.1.30"
[Thu May 11 2017 13:07:16 GMT+0530 (IST)] "GET /bower_components/bootstrap/dist/css/bootstrap.min.css" "Mozilla/5.0 (Macintosh; Intel Mac OS X 10_12_4) AppleWebKit/603.1.30 (KHTML, like Gecko) Version/10.1 Safari/603.1.30"
[Thu May 11 2017 13:07:16 GMT+0530 (IST)] "GET /bower_components/paho-mqtt-js/mqttws31.js" "Mozilla/5.0 (Macintosh; Intel Mac OS X 10_12_4) AppleWebKit/603.1.30 (KHTML, like Gecko) Version/10.1 Safari/603.1.30"
[Thu May 11 2017 13:07:16 GMT+0530 (IST)] "GET /bower_components/d3/d3.min.js" "Mozilla/5.0 (Macintosh; Intel Mac OS X 10_12_4) AppleWebKit/603.1.30 (KHTML, like Gecko) Version/10.1 Safari/603.1.30"
[Thu May 11 2017 13:07:16 GMT+0530 (IST)] "GET /bower_components/angular/angular.min.js" "Mozilla/5.0 (Macintosh; Intel Mac OS X 10_12_4) AppleWebKit/603.1.30 (KHTML, like Gecko) Version/10.1 Safari/603.1.30"
[Thu May 11 2017 13:07:16 GMT+0530 (IST)] "GET /node_modules/n3-charts/build/LineChart.js" "Mozilla/5.0 (Macintosh; Intel Mac OS X 10_12_4) AppleWebKit/603.1.30 (KHTML, like Gecko) Version/10.1 Safari/603.1.30"
[Thu May 11 2017 13:07:16 GMT+0530 (IST)] "GET /node_modules/n3-charts/build/LineChart.css" "Mozilla/5.0 (Macintosh; Intel Mac OS X 10_12_4) AppleWebKit/603.1.30 (KHTML, like Gecko) Version/10.1 Safari/603.1.30"
[Thu May 11 2017 13:07:16 GMT+0530 (IST)] "GET /bower_components/moment/min/moment.min.js" "Mozilla/5.0 (Macintosh; Intel Mac OS X 10_12_4) AppleWebKit/603.1.30 (KHTML, like Gecko) Version/10.1 Safari/603.1.30"
[Thu May 11 2017 13:07:16 GMT+0530 (IST)] "GET /bower_components/cryptojslib/rollups/sha256.js" "Mozilla/5.0 (Macintosh; Intel Mac OS X 10_12_4) AppleWebKit/603.1.30 (KHTML, like Gecko) Version/10.1 Safari/603.1.30"
[Thu May 11 2017 13:07:16 GMT+0530 (IST)] "GET /bower_components/cryptojslib/rollups/hmac-sha256.js" "Mozilla/5.0 (Macintosh; Intel Mac OS X 10_12_4) AppleWebKit/603.1.30 (KHTML, like Gecko) Version/10.1 Safari/603.1.30"
[Thu May 11 2017 13:07:16 GMT+0530 (IST)] "GET /js/app.js" "Mozilla/5.0 (Macintosh; Intel Mac OS X 10_12_4) AppleWebKit/603.1.30 (KHTML, like Gecko) Version/10.1 Safari/603.1.30"
[Thu May 11 2017 13:15:00 GMT+0530 (IST)] "GET /" "Mozilla/5.0 (Macintosh; Intel Mac OS X 10_12_4) AppleWebKit/603.1.30 (KHTML, like Gecko) Version/10.1 Safari/603.1.30"
[Thu May 11 2017 13:15:00 GMT+0530 (IST)] "GET /bower_components/bootstrap/dist/css/bootstrap.min.css" "Mozilla/5.0 (Macintosh; Intel Mac OS X 10_12_4) AppleWebKit/603.1.30 (KHTML, like Gecko) Version/10.1 Safari/603.1.30"
[Thu May 11 2017 13:15:00 GMT+0530 (IST)] "GET /bower_components/cryptojslib/rollups/sha256.js" "Mozilla/5.0 (Macintosh; Intel Mac OS X 10_12_4) AppleWebKit/603.1.30 (KHTML, like Gecko) Version/10.1 Safari/603.1.30"
[Thu May 11 2017 13:15:00 GMT+0530 (IST)] "GET /node_modules/n3-charts/build/LineChart.js" "Mozilla/5.0 (Macintosh; Intel Mac OS X 10_12_4) AppleWebKit/603.1.30 (KHTML, like Gecko) Version/10.1 Safari/603.1.30"
[Thu May 11 2017 13:15:00 GMT+0530 (IST)] "GET /bower_components/angular/angular.min.js" "Mozilla/5.0 (Macintosh; Intel Mac OS X 10_12_4) AppleWebKit/603.1.30 (KHTML, like Gecko) Version/10.1 Safari/603.1.30"
[Thu May 11 2017 13:15:00 GMT+0530 (IST)] "GET /bower_components/paho-mqtt-js/mqttws31.js" "Mozilla/5.0 (Macintosh; Intel Mac OS X 10_12_4) AppleWebKit/603.1.30 (KHTML, like Gecko) Version/10.1 Safari/603.1.30"
[Thu May 11 2017 13:15:00 GMT+0530 (IST)] "GET /bower_components/d3/d3.min.js" "Mozilla/5.0 (Macintosh; Intel Mac OS X 10_12_4) AppleWebKit/603.1.30 (KHTML, like Gecko) Version/10.1 Safari/603.1.30"
[Thu May 11 2017 13:15:00 GMT+0530 (IST)] "GET /bower_components/cryptojslib/rollups/hmac-sha256.js" "Mozilla/5.0 (Macintosh; Intel Mac OS X 10_12_4) AppleWebKit/603.1.30 (KHTML, like Gecko) Version/10.1 Safari/603.1.30"
[Thu May 11 2017 13:15:00 GMT+0530 (IST)] "GET /node_modules/n3-charts/build/LineChart.css" "Mozilla/5.0 (Macintosh; Intel Mac OS X 10_12_4) AppleWebKit/603.1.30 (KHTML, like Gecko) Version/10.1 Safari/603.1.30"
[Thu May 11 2017 13:15:00 GMT+0530 (IST)] "GET /bower_components/moment/min/moment.min.js" "Mozilla/5.0 (Macintosh; Intel Mac OS X 10_12_4) AppleWebKit/603.1.30 (KHTML, like Gecko) Version/10.1 Safari/603.1.30"
[Thu May 11 2017 13:15:00 GMT+0530 (IST)] "GET /js/app.js" "Mozilla/5.0 (Macintosh; Intel Mac OS X 10_12_4) AppleWebKit/603.1.30 (KHTML, like Gecko) Version/10.1 Safari/603.1.30"
http-server stopped.
Starting up http-server, serving ./
Available on:
  http://127.0.0.1:8080
  http://192.168.5.97:8080
Hit CTRL-C to stop the server
[Thu May 11 2017 13:23:16 GMT+0530 (IST)] "GET /" "Mozilla/5.0 (Macintosh; Intel Mac OS X 10_12_4) AppleWebKit/603.1.30 (KHTML, like Gecko) Version/10.1 Safari/603.1.30"
[Thu May 11 2017 13:23:16 GMT+0530 (IST)] "GET /bower_components/bootstrap/dist/css/bootstrap.min.css" "Mozilla/5.0 (Macintosh; Intel Mac OS X 10_12_4) AppleWebKit/603.1.30 (KHTML, like Gecko) Version/10.1 Safari/603.1.30"
[Thu May 11 2017 13:23:16 GMT+0530 (IST)] "GET /node_modules/dygraphs/dist/dygraph.js" "Mozilla/5.0 (Macintosh; Intel Mac OS X 10_12_4) AppleWebKit/603.1.30 (KHTML, like Gecko) Version/10.1 Safari/603.1.30"
[Thu May 11 2017 13:23:16 GMT+0530 (IST)] "GET /bower_components/cryptojslib/rollups/hmac-sha256.js" "Mozilla/5.0 (Macintosh; Intel Mac OS X 10_12_4) AppleWebKit/603.1.30 (KHTML, like Gecko) Version/10.1 Safari/603.1.30"
[Thu May 11 2017 13:23:16 GMT+0530 (IST)] "GET /bower_components/moment/min/moment.min.js" "Mozilla/5.0 (Macintosh; Intel Mac OS X 10_12_4) AppleWebKit/603.1.30 (KHTML, like Gecko) Version/10.1 Safari/603.1.30"
[Thu May 11 2017 13:23:16 GMT+0530 (IST)] "GET /bower_components/angular/angular.min.js" "Mozilla/5.0 (Macintosh; Intel Mac OS X 10_12_4) AppleWebKit/603.1.30 (KHTML, like Gecko) Version/10.1 Safari/603.1.30"
[Thu May 11 2017 13:23:16 GMT+0530 (IST)] "GET /bower_components/paho-mqtt-js/mqttws31.js" "Mozilla/5.0 (Macintosh; Intel Mac OS X 10_12_4) AppleWebKit/603.1.30 (KHTML, like Gecko) Version/10.1 Safari/603.1.30"
[Thu May 11 2017 13:23:16 GMT+0530 (IST)] "GET /js/app.js" "Mozilla/5.0 (Macintosh; Intel Mac OS X 10_12_4) AppleWebKit/603.1.30 (KHTML, like Gecko) Version/10.1 Safari/603.1.30"
[Thu May 11 2017 13:23:16 GMT+0530 (IST)] "GET /bower_components/cryptojslib/rollups/sha256.js" "Mozilla/5.0 (Macintosh; Intel Mac OS X 10_12_4) AppleWebKit/603.1.30 (KHTML, like Gecko) Version/10.1 Safari/603.1.30"
[Thu May 11 2017 13:23:16 GMT+0530 (IST)] "GET /node_modules/dygraphs/dist/dygraph.js.map" "Mozilla/5.0 (Macintosh; Intel Mac OS X 10_12_4) AppleWebKit/603.1.30 (KHTML, like Gecko) Version/10.1 Safari/603.1.30"
[Thu May 11 2017 13:29:17 GMT+0530 (IST)] "GET /" "Mozilla/5.0 (Macintosh; Intel Mac OS X 10_12_4) AppleWebKit/603.1.30 (KHTML, like Gecko) Version/10.1 Safari/603.1.30"
[Thu May 11 2017 13:29:17 GMT+0530 (IST)] "GET /bower_components/bootstrap/dist/css/bootstrap.min.css" "Mozilla/5.0 (Macintosh; Intel Mac OS X 10_12_4) AppleWebKit/603.1.30 (KHTML, like Gecko) Version/10.1 Safari/603.1.30"
[Thu May 11 2017 13:29:17 GMT+0530 (IST)] "GET /node_modules/dygraphs/dist/dygraph.js" "Mozilla/5.0 (Macintosh; Intel Mac OS X 10_12_4) AppleWebKit/603.1.30 (KHTML, like Gecko) Version/10.1 Safari/603.1.30"
[Thu May 11 2017 13:29:17 GMT+0530 (IST)] "GET /bower_components/moment/min/moment.min.js" "Mozilla/5.0 (Macintosh; Intel Mac OS X 10_12_4) AppleWebKit/603.1.30 (KHTML, like Gecko) Version/10.1 Safari/603.1.30"
[Thu May 11 2017 13:29:17 GMT+0530 (IST)] "GET /bower_components/cryptojslib/rollups/hmac-sha256.js" "Mozilla/5.0 (Macintosh; Intel Mac OS X 10_12_4) AppleWebKit/603.1.30 (KHTML, like Gecko) Version/10.1 Safari/603.1.30"
[Thu May 11 2017 13:29:17 GMT+0530 (IST)] "GET /js/app.js" "Mozilla/5.0 (Macintosh; Intel Mac OS X 10_12_4) AppleWebKit/603.1.30 (KHTML, like Gecko) Version/10.1 Safari/603.1.30"
[Thu May 11 2017 13:29:17 GMT+0530 (IST)] "GET /bower_components/angular/angular.min.js" "Mozilla/5.0 (Macintosh; Intel Mac OS X 10_12_4) AppleWebKit/603.1.30 (KHTML, like Gecko) Version/10.1 Safari/603.1.30"
[Thu May 11 2017 13:29:17 GMT+0530 (IST)] "GET /bower_components/cryptojslib/rollups/sha256.js" "Mozilla/5.0 (Macintosh; Intel Mac OS X 10_12_4) AppleWebKit/603.1.30 (KHTML, like Gecko) Version/10.1 Safari/603.1.30"
[Thu May 11 2017 13:29:17 GMT+0530 (IST)] "GET /bower_components/paho-mqtt-js/mqttws31.js" "Mozilla/5.0 (Macintosh; Intel Mac OS X 10_12_4) AppleWebKit/603.1.30 (KHTML, like Gecko) Version/10.1 Safari/603.1.30"
[Thu May 11 2017 13:29:17 GMT+0530 (IST)] "GET /data.txt" "Mozilla/5.0 (Macintosh; Intel Mac OS X 10_12_4) AppleWebKit/603.1.30 (KHTML, like Gecko) Version/10.1 Safari/603.1.30"
[Thu May 11 2017 13:29:28 GMT+0530 (IST)] "GET /" "Mozilla/5.0 (Macintosh; Intel Mac OS X 10_12_4) AppleWebKit/603.1.30 (KHTML, like Gecko) Version/10.1 Safari/603.1.30"
[Thu May 11 2017 13:29:28 GMT+0530 (IST)] "GET /bower_components/bootstrap/dist/css/bootstrap.min.css" "Mozilla/5.0 (Macintosh; Intel Mac OS X 10_12_4) AppleWebKit/603.1.30 (KHTML, like Gecko) Version/10.1 Safari/603.1.30"
[Thu May 11 2017 13:29:28 GMT+0530 (IST)] "GET /bower_components/moment/min/moment.min.js" "Mozilla/5.0 (Macintosh; Intel Mac OS X 10_12_4) AppleWebKit/603.1.30 (KHTML, like Gecko) Version/10.1 Safari/603.1.30"
[Thu May 11 2017 13:29:28 GMT+0530 (IST)] "GET /bower_components/angular/angular.min.js" "Mozilla/5.0 (Macintosh; Intel Mac OS X 10_12_4) AppleWebKit/603.1.30 (KHTML, like Gecko) Version/10.1 Safari/603.1.30"
[Thu May 11 2017 13:29:28 GMT+0530 (IST)] "GET /node_modules/dygraphs/dist/dygraph.js" "Mozilla/5.0 (Macintosh; Intel Mac OS X 10_12_4) AppleWebKit/603.1.30 (KHTML, like Gecko) Version/10.1 Safari/603.1.30"
[Thu May 11 2017 13:29:28 GMT+0530 (IST)] "GET /bower_components/paho-mqtt-js/mqttws31.js" "Mozilla/5.0 (Macintosh; Intel Mac OS X 10_12_4) AppleWebKit/603.1.30 (KHTML, like Gecko) Version/10.1 Safari/603.1.30"
[Thu May 11 2017 13:29:28 GMT+0530 (IST)] "GET /bower_components/cryptojslib/rollups/sha256.js" "Mozilla/5.0 (Macintosh; Intel Mac OS X 10_12_4) AppleWebKit/603.1.30 (KHTML, like Gecko) Version/10.1 Safari/603.1.30"
[Thu May 11 2017 13:29:28 GMT+0530 (IST)] "GET /bower_components/cryptojslib/rollups/hmac-sha256.js" "Mozilla/5.0 (Macintosh; Intel Mac OS X 10_12_4) AppleWebKit/603.1.30 (KHTML, like Gecko) Version/10.1 Safari/603.1.30"
[Thu May 11 2017 13:29:28 GMT+0530 (IST)] "GET /js/app.js" "Mozilla/5.0 (Macintosh; Intel Mac OS X 10_12_4) AppleWebKit/603.1.30 (KHTML, like Gecko) Version/10.1 Safari/603.1.30"
[Thu May 11 2017 13:29:28 GMT+0530 (IST)] "GET /data.txt" "Mozilla/5.0 (Macintosh; Intel Mac OS X 10_12_4) AppleWebKit/603.1.30 (KHTML, like Gecko) Version/10.1 Safari/603.1.30"
http-server stopped.
Starting up http-server, serving ./
Available on:
  http://127.0.0.1:8080
  http://192.168.5.97:8080
Hit CTRL-C to stop the server
[Thu May 11 2017 14:16:01 GMT+0530 (IST)] "GET /" "Mozilla/5.0 (Macintosh; Intel Mac OS X 10_12_4) AppleWebKit/603.1.30 (KHTML, like Gecko) Version/10.1 Safari/603.1.30"
[Thu May 11 2017 14:16:01 GMT+0530 (IST)] "GET /data.txt" "Mozilla/5.0 (Macintosh; Intel Mac OS X 10_12_4) AppleWebKit/603.1.30 (KHTML, like Gecko) Version/10.1 Safari/603.1.30"
[Thu May 11 2017 14:16:01 GMT+0530 (IST)] "GET /bower_components/bootstrap/dist/css/bootstrap.min.css" "Mozilla/5.0 (Macintosh; Intel Mac OS X 10_12_4) AppleWebKit/603.1.30 (KHTML, like Gecko) Version/10.1 Safari/603.1.30"
[Thu May 11 2017 14:16:01 GMT+0530 (IST)] "GET /node_modules/dygraphs/dist/dygraph.js" "Mozilla/5.0 (Macintosh; Intel Mac OS X 10_12_4) AppleWebKit/603.1.30 (KHTML, like Gecko) Version/10.1 Safari/603.1.30"
[Thu May 11 2017 14:16:01 GMT+0530 (IST)] "GET /bower_components/angular/angular.min.js" "Mozilla/5.0 (Macintosh; Intel Mac OS X 10_12_4) AppleWebKit/603.1.30 (KHTML, like Gecko) Version/10.1 Safari/603.1.30"
[Thu May 11 2017 14:16:01 GMT+0530 (IST)] "GET /bower_components/paho-mqtt-js/mqttws31.js" "Mozilla/5.0 (Macintosh; Intel Mac OS X 10_12_4) AppleWebKit/603.1.30 (KHTML, like Gecko) Version/10.1 Safari/603.1.30"
[Thu May 11 2017 14:16:01 GMT+0530 (IST)] "GET /js/app.js" "Mozilla/5.0 (Macintosh; Intel Mac OS X 10_12_4) AppleWebKit/603.1.30 (KHTML, like Gecko) Version/10.1 Safari/603.1.30"
[Thu May 11 2017 14:16:01 GMT+0530 (IST)] "GET /bower_components/moment/min/moment.min.js" "Mozilla/5.0 (Macintosh; Intel Mac OS X 10_12_4) AppleWebKit/603.1.30 (KHTML, like Gecko) Version/10.1 Safari/603.1.30"
[Thu May 11 2017 14:16:01 GMT+0530 (IST)] "GET /bower_components/cryptojslib/rollups/sha256.js" "Mozilla/5.0 (Macintosh; Intel Mac OS X 10_12_4) AppleWebKit/603.1.30 (KHTML, like Gecko) Version/10.1 Safari/603.1.30"
[Thu May 11 2017 14:16:01 GMT+0530 (IST)] "GET /bower_components/cryptojslib/rollups/hmac-sha256.js" "Mozilla/5.0 (Macintosh; Intel Mac OS X 10_12_4) AppleWebKit/603.1.30 (KHTML, like Gecko) Version/10.1 Safari/603.1.30"
[Thu May 11 2017 14:16:01 GMT+0530 (IST)] "GET /data.txt" "Mozilla/5.0 (Macintosh; Intel Mac OS X 10_12_4) AppleWebKit/603.1.30 (KHTML, like Gecko) Version/10.1 Safari/603.1.30"
[Thu May 11 2017 14:17:02 GMT+0530 (IST)] "GET /" "Mozilla/5.0 (Macintosh; Intel Mac OS X 10_12_4) AppleWebKit/603.1.30 (KHTML, like Gecko) Version/10.1 Safari/603.1.30"
[Thu May 11 2017 14:17:02 GMT+0530 (IST)] "GET /bower_components/bootstrap/dist/css/bootstrap.min.css" "Mozilla/5.0 (Macintosh; Intel Mac OS X 10_12_4) AppleWebKit/603.1.30 (KHTML, like Gecko) Version/10.1 Safari/603.1.30"
[Thu May 11 2017 14:17:02 GMT+0530 (IST)] "GET /bower_components/moment/min/moment.min.js" "Mozilla/5.0 (Macintosh; Intel Mac OS X 10_12_4) AppleWebKit/603.1.30 (KHTML, like Gecko) Version/10.1 Safari/603.1.30"
[Thu May 11 2017 14:17:02 GMT+0530 (IST)] "GET /node_modules/dygraphs/dist/dygraph.js" "Mozilla/5.0 (Macintosh; Intel Mac OS X 10_12_4) AppleWebKit/603.1.30 (KHTML, like Gecko) Version/10.1 Safari/603.1.30"
[Thu May 11 2017 14:17:02 GMT+0530 (IST)] "GET /js/app.js" "Mozilla/5.0 (Macintosh; Intel Mac OS X 10_12_4) AppleWebKit/603.1.30 (KHTML, like Gecko) Version/10.1 Safari/603.1.30"
[Thu May 11 2017 14:17:02 GMT+0530 (IST)] "GET /bower_components/paho-mqtt-js/mqttws31.js" "Mozilla/5.0 (Macintosh; Intel Mac OS X 10_12_4) AppleWebKit/603.1.30 (KHTML, like Gecko) Version/10.1 Safari/603.1.30"
[Thu May 11 2017 14:17:02 GMT+0530 (IST)] "GET /bower_components/angular/angular.min.js" "Mozilla/5.0 (Macintosh; Intel Mac OS X 10_12_4) AppleWebKit/603.1.30 (KHTML, like Gecko) Version/10.1 Safari/603.1.30"
[Thu May 11 2017 14:17:02 GMT+0530 (IST)] "GET /bower_components/cryptojslib/rollups/hmac-sha256.js" "Mozilla/5.0 (Macintosh; Intel Mac OS X 10_12_4) AppleWebKit/603.1.30 (KHTML, like Gecko) Version/10.1 Safari/603.1.30"
[Thu May 11 2017 14:17:02 GMT+0530 (IST)] "GET /bower_components/cryptojslib/rollups/sha256.js" "Mozilla/5.0 (Macintosh; Intel Mac OS X 10_12_4) AppleWebKit/603.1.30 (KHTML, like Gecko) Version/10.1 Safari/603.1.30"
[Thu May 11 2017 14:17:02 GMT+0530 (IST)] "GET /data.txt" "Mozilla/5.0 (Macintosh; Intel Mac OS X 10_12_4) AppleWebKit/603.1.30 (KHTML, like Gecko) Version/10.1 Safari/603.1.30"
http-server stopped.
Starting up http-server, serving ./
Available on:
  http://127.0.0.1:8080
  http://192.168.5.97:8080
Hit CTRL-C to stop the server
[Thu May 11 2017 14:47:50 GMT+0530 (IST)] "GET /" "Mozilla/5.0 (Macintosh; Intel Mac OS X 10_12_4) AppleWebKit/603.1.30 (KHTML, like Gecko) Version/10.1 Safari/603.1.30"
[Thu May 11 2017 14:47:50 GMT+0530 (IST)] "GET /bower_components/bootstrap/dist/css/bootstrap.min.css" "Mozilla/5.0 (Macintosh; Intel Mac OS X 10_12_4) AppleWebKit/603.1.30 (KHTML, like Gecko) Version/10.1 Safari/603.1.30"
[Thu May 11 2017 14:47:50 GMT+0530 (IST)] "GET /bower_components/moment/min/moment.min.js" "Mozilla/5.0 (Macintosh; Intel Mac OS X 10_12_4) AppleWebKit/603.1.30 (KHTML, like Gecko) Version/10.1 Safari/603.1.30"
[Thu May 11 2017 14:47:50 GMT+0530 (IST)] "GET /node_modules/dygraphs/dist/dygraph.js" "Mozilla/5.0 (Macintosh; Intel Mac OS X 10_12_4) AppleWebKit/603.1.30 (KHTML, like Gecko) Version/10.1 Safari/603.1.30"
[Thu May 11 2017 14:47:50 GMT+0530 (IST)] "GET /bower_components/cryptojslib/rollups/sha256.js" "Mozilla/5.0 (Macintosh; Intel Mac OS X 10_12_4) AppleWebKit/603.1.30 (KHTML, like Gecko) Version/10.1 Safari/603.1.30"
[Thu May 11 2017 14:47:50 GMT+0530 (IST)] "GET /bower_components/angular/angular.min.js" "Mozilla/5.0 (Macintosh; Intel Mac OS X 10_12_4) AppleWebKit/603.1.30 (KHTML, like Gecko) Version/10.1 Safari/603.1.30"
[Thu May 11 2017 14:47:50 GMT+0530 (IST)] "GET /bower_components/paho-mqtt-js/mqttws31.js" "Mozilla/5.0 (Macintosh; Intel Mac OS X 10_12_4) AppleWebKit/603.1.30 (KHTML, like Gecko) Version/10.1 Safari/603.1.30"
[Thu May 11 2017 14:47:50 GMT+0530 (IST)] "GET /bower_components/cryptojslib/rollups/hmac-sha256.js" "Mozilla/5.0 (Macintosh; Intel Mac OS X 10_12_4) AppleWebKit/603.1.30 (KHTML, like Gecko) Version/10.1 Safari/603.1.30"
[Thu May 11 2017 14:47:50 GMT+0530 (IST)] "GET /js/app.js" "Mozilla/5.0 (Macintosh; Intel Mac OS X 10_12_4) AppleWebKit/603.1.30 (KHTML, like Gecko) Version/10.1 Safari/603.1.30"
[Thu May 11 2017 14:48:34 GMT+0530 (IST)] "GET /" "Mozilla/5.0 (Macintosh; Intel Mac OS X 10_12_4) AppleWebKit/603.1.30 (KHTML, like Gecko) Version/10.1 Safari/603.1.30"
[Thu May 11 2017 14:48:34 GMT+0530 (IST)] "GET /bower_components/bootstrap/dist/css/bootstrap.min.css" "Mozilla/5.0 (Macintosh; Intel Mac OS X 10_12_4) AppleWebKit/603.1.30 (KHTML, like Gecko) Version/10.1 Safari/603.1.30"
[Thu May 11 2017 14:48:34 GMT+0530 (IST)] "GET /js/app.js" "Mozilla/5.0 (Macintosh; Intel Mac OS X 10_12_4) AppleWebKit/603.1.30 (KHTML, like Gecko) Version/10.1 Safari/603.1.30"
[Thu May 11 2017 14:48:34 GMT+0530 (IST)] "GET /node_modules/dygraphs/dist/dygraph.js" "Mozilla/5.0 (Macintosh; Intel Mac OS X 10_12_4) AppleWebKit/603.1.30 (KHTML, like Gecko) Version/10.1 Safari/603.1.30"
[Thu May 11 2017 14:48:34 GMT+0530 (IST)] "GET /bower_components/angular/angular.min.js" "Mozilla/5.0 (Macintosh; Intel Mac OS X 10_12_4) AppleWebKit/603.1.30 (KHTML, like Gecko) Version/10.1 Safari/603.1.30"
[Thu May 11 2017 14:48:34 GMT+0530 (IST)] "GET /bower_components/cryptojslib/rollups/hmac-sha256.js" "Mozilla/5.0 (Macintosh; Intel Mac OS X 10_12_4) AppleWebKit/603.1.30 (KHTML, like Gecko) Version/10.1 Safari/603.1.30"
[Thu May 11 2017 14:48:34 GMT+0530 (IST)] "GET /bower_components/cryptojslib/rollups/sha256.js" "Mozilla/5.0 (Macintosh; Intel Mac OS X 10_12_4) AppleWebKit/603.1.30 (KHTML, like Gecko) Version/10.1 Safari/603.1.30"
[Thu May 11 2017 14:48:34 GMT+0530 (IST)] "GET /bower_components/moment/min/moment.min.js" "Mozilla/5.0 (Macintosh; Intel Mac OS X 10_12_4) AppleWebKit/603.1.30 (KHTML, like Gecko) Version/10.1 Safari/603.1.30"
[Thu May 11 2017 14:48:34 GMT+0530 (IST)] "GET /bower_components/paho-mqtt-js/mqttws31.js" "Mozilla/5.0 (Macintosh; Intel Mac OS X 10_12_4) AppleWebKit/603.1.30 (KHTML, like Gecko) Version/10.1 Safari/603.1.30"
[Thu May 11 2017 14:56:12 GMT+0530 (IST)] "GET /bower_components/bootstrap/dist/css/bootstrap.min.css.map" "Mozilla/5.0 (Macintosh; Intel Mac OS X 10_12_4) AppleWebKit/603.1.30 (KHTML, like Gecko) Version/10.1 Safari/603.1.30"
[Thu May 11 2017 14:56:12 GMT+0530 (IST)] "GET /node_modules/dygraphs/dist/dygraph.js.map" "Mozilla/5.0 (Macintosh; Intel Mac OS X 10_12_4) AppleWebKit/603.1.30 (KHTML, like Gecko) Version/10.1 Safari/603.1.30"
[Thu May 11 2017 14:56:12 GMT+0530 (IST)] "GET /bower_components/angular/angular.min.js.map" "Mozilla/5.0 (Macintosh; Intel Mac OS X 10_12_4) AppleWebKit/603.1.30 (KHTML, like Gecko) Version/10.1 Safari/603.1.30"
[Thu May 11 2017 14:56:18 GMT+0530 (IST)] "GET /" "Mozilla/5.0 (Macintosh; Intel Mac OS X 10_12_4) AppleWebKit/603.1.30 (KHTML, like Gecko) Version/10.1 Safari/603.1.30"
[Thu May 11 2017 14:56:18 GMT+0530 (IST)] "GET /bower_components/bootstrap/dist/css/bootstrap.min.css" "Mozilla/5.0 (Macintosh; Intel Mac OS X 10_12_4) AppleWebKit/603.1.30 (KHTML, like Gecko) Version/10.1 Safari/603.1.30"
[Thu May 11 2017 14:56:18 GMT+0530 (IST)] "GET /node_modules/dygraphs/dist/dygraph.js" "Mozilla/5.0 (Macintosh; Intel Mac OS X 10_12_4) AppleWebKit/603.1.30 (KHTML, like Gecko) Version/10.1 Safari/603.1.30"
[Thu May 11 2017 14:56:18 GMT+0530 (IST)] "GET /bower_components/cryptojslib/rollups/hmac-sha256.js" "Mozilla/5.0 (Macintosh; Intel Mac OS X 10_12_4) AppleWebKit/603.1.30 (KHTML, like Gecko) Version/10.1 Safari/603.1.30"
[Thu May 11 2017 14:56:18 GMT+0530 (IST)] "GET /js/app.js" "Mozilla/5.0 (Macintosh; Intel Mac OS X 10_12_4) AppleWebKit/603.1.30 (KHTML, like Gecko) Version/10.1 Safari/603.1.30"
[Thu May 11 2017 14:56:18 GMT+0530 (IST)] "GET /bower_components/angular/angular.min.js" "Mozilla/5.0 (Macintosh; Intel Mac OS X 10_12_4) AppleWebKit/603.1.30 (KHTML, like Gecko) Version/10.1 Safari/603.1.30"
[Thu May 11 2017 14:56:18 GMT+0530 (IST)] "GET /bower_components/moment/min/moment.min.js" "Mozilla/5.0 (Macintosh; Intel Mac OS X 10_12_4) AppleWebKit/603.1.30 (KHTML, like Gecko) Version/10.1 Safari/603.1.30"
[Thu May 11 2017 14:56:18 GMT+0530 (IST)] "GET /bower_components/cryptojslib/rollups/sha256.js" "Mozilla/5.0 (Macintosh; Intel Mac OS X 10_12_4) AppleWebKit/603.1.30 (KHTML, like Gecko) Version/10.1 Safari/603.1.30"
[Thu May 11 2017 14:56:18 GMT+0530 (IST)] "GET /bower_components/paho-mqtt-js/mqttws31.js" "Mozilla/5.0 (Macintosh; Intel Mac OS X 10_12_4) AppleWebKit/603.1.30 (KHTML, like Gecko) Version/10.1 Safari/603.1.30"
[Thu May 11 2017 14:56:47 GMT+0530 (IST)] "GET /" "Mozilla/5.0 (Macintosh; Intel Mac OS X 10_12_4) AppleWebKit/603.1.30 (KHTML, like Gecko) Version/10.1 Safari/603.1.30"
[Thu May 11 2017 14:56:47 GMT+0530 (IST)] "GET /bower_components/bootstrap/dist/css/bootstrap.min.css" "Mozilla/5.0 (Macintosh; Intel Mac OS X 10_12_4) AppleWebKit/603.1.30 (KHTML, like Gecko) Version/10.1 Safari/603.1.30"
[Thu May 11 2017 14:56:47 GMT+0530 (IST)] "GET /node_modules/dygraphs/dist/dygraph.js" "Mozilla/5.0 (Macintosh; Intel Mac OS X 10_12_4) AppleWebKit/603.1.30 (KHTML, like Gecko) Version/10.1 Safari/603.1.30"
[Thu May 11 2017 14:56:47 GMT+0530 (IST)] "GET /bower_components/moment/min/moment.min.js" "Mozilla/5.0 (Macintosh; Intel Mac OS X 10_12_4) AppleWebKit/603.1.30 (KHTML, like Gecko) Version/10.1 Safari/603.1.30"
[Thu May 11 2017 14:56:47 GMT+0530 (IST)] "GET /bower_components/angular/angular.min.js" "Mozilla/5.0 (Macintosh; Intel Mac OS X 10_12_4) AppleWebKit/603.1.30 (KHTML, like Gecko) Version/10.1 Safari/603.1.30"
[Thu May 11 2017 14:56:47 GMT+0530 (IST)] "GET /bower_components/paho-mqtt-js/mqttws31.js" "Mozilla/5.0 (Macintosh; Intel Mac OS X 10_12_4) AppleWebKit/603.1.30 (KHTML, like Gecko) Version/10.1 Safari/603.1.30"
[Thu May 11 2017 14:56:47 GMT+0530 (IST)] "GET /bower_components/cryptojslib/rollups/sha256.js" "Mozilla/5.0 (Macintosh; Intel Mac OS X 10_12_4) AppleWebKit/603.1.30 (KHTML, like Gecko) Version/10.1 Safari/603.1.30"
[Thu May 11 2017 14:56:47 GMT+0530 (IST)] "GET /bower_components/cryptojslib/rollups/hmac-sha256.js" "Mozilla/5.0 (Macintosh; Intel Mac OS X 10_12_4) AppleWebKit/603.1.30 (KHTML, like Gecko) Version/10.1 Safari/603.1.30"
[Thu May 11 2017 14:56:47 GMT+0530 (IST)] "GET /js/app.js" "Mozilla/5.0 (Macintosh; Intel Mac OS X 10_12_4) AppleWebKit/603.1.30 (KHTML, like Gecko) Version/10.1 Safari/603.1.30"
[Thu May 11 2017 14:57:02 GMT+0530 (IST)] "GET /" "Mozilla/5.0 (Macintosh; Intel Mac OS X 10_12_4) AppleWebKit/603.1.30 (KHTML, like Gecko) Version/10.1 Safari/603.1.30"
[Thu May 11 2017 14:57:02 GMT+0530 (IST)] "GET /bower_components/bootstrap/dist/css/bootstrap.min.css" "Mozilla/5.0 (Macintosh; Intel Mac OS X 10_12_4) AppleWebKit/603.1.30 (KHTML, like Gecko) Version/10.1 Safari/603.1.30"
[Thu May 11 2017 14:57:02 GMT+0530 (IST)] "GET /node_modules/dygraphs/dist/dygraph.js" "Mozilla/5.0 (Macintosh; Intel Mac OS X 10_12_4) AppleWebKit/603.1.30 (KHTML, like Gecko) Version/10.1 Safari/603.1.30"
[Thu May 11 2017 14:57:02 GMT+0530 (IST)] "GET /bower_components/angular/angular.min.js" "Mozilla/5.0 (Macintosh; Intel Mac OS X 10_12_4) AppleWebKit/603.1.30 (KHTML, like Gecko) Version/10.1 Safari/603.1.30"
[Thu May 11 2017 14:57:02 GMT+0530 (IST)] "GET /bower_components/moment/min/moment.min.js" "Mozilla/5.0 (Macintosh; Intel Mac OS X 10_12_4) AppleWebKit/603.1.30 (KHTML, like Gecko) Version/10.1 Safari/603.1.30"
[Thu May 11 2017 14:57:02 GMT+0530 (IST)] "GET /bower_components/paho-mqtt-js/mqttws31.js" "Mozilla/5.0 (Macintosh; Intel Mac OS X 10_12_4) AppleWebKit/603.1.30 (KHTML, like Gecko) Version/10.1 Safari/603.1.30"
[Thu May 11 2017 14:57:02 GMT+0530 (IST)] "GET /bower_components/cryptojslib/rollups/sha256.js" "Mozilla/5.0 (Macintosh; Intel Mac OS X 10_12_4) AppleWebKit/603.1.30 (KHTML, like Gecko) Version/10.1 Safari/603.1.30"
[Thu May 11 2017 14:57:02 GMT+0530 (IST)] "GET /bower_components/cryptojslib/rollups/hmac-sha256.js" "Mozilla/5.0 (Macintosh; Intel Mac OS X 10_12_4) AppleWebKit/603.1.30 (KHTML, like Gecko) Version/10.1 Safari/603.1.30"
[Thu May 11 2017 14:57:02 GMT+0530 (IST)] "GET /js/app.js" "Mozilla/5.0 (Macintosh; Intel Mac OS X 10_12_4) AppleWebKit/603.1.30 (KHTML, like Gecko) Version/10.1 Safari/603.1.30"
[Thu May 11 2017 14:58:45 GMT+0530 (IST)] "GET /" "Mozilla/5.0 (Macintosh; Intel Mac OS X 10_12_4) AppleWebKit/603.1.30 (KHTML, like Gecko) Version/10.1 Safari/603.1.30"
[Thu May 11 2017 14:58:45 GMT+0530 (IST)] "GET /bower_components/bootstrap/dist/css/bootstrap.min.css" "Mozilla/5.0 (Macintosh; Intel Mac OS X 10_12_4) AppleWebKit/603.1.30 (KHTML, like Gecko) Version/10.1 Safari/603.1.30"
[Thu May 11 2017 14:58:45 GMT+0530 (IST)] "GET /node_modules/dygraphs/dist/dygraph.js" "Mozilla/5.0 (Macintosh; Intel Mac OS X 10_12_4) AppleWebKit/603.1.30 (KHTML, like Gecko) Version/10.1 Safari/603.1.30"
[Thu May 11 2017 14:58:45 GMT+0530 (IST)] "GET /bower_components/moment/min/moment.min.js" "Mozilla/5.0 (Macintosh; Intel Mac OS X 10_12_4) AppleWebKit/603.1.30 (KHTML, like Gecko) Version/10.1 Safari/603.1.30"
[Thu May 11 2017 14:58:45 GMT+0530 (IST)] "GET /bower_components/paho-mqtt-js/mqttws31.js" "Mozilla/5.0 (Macintosh; Intel Mac OS X 10_12_4) AppleWebKit/603.1.30 (KHTML, like Gecko) Version/10.1 Safari/603.1.30"
[Thu May 11 2017 14:58:45 GMT+0530 (IST)] "GET /bower_components/cryptojslib/rollups/hmac-sha256.js" "Mozilla/5.0 (Macintosh; Intel Mac OS X 10_12_4) AppleWebKit/603.1.30 (KHTML, like Gecko) Version/10.1 Safari/603.1.30"
[Thu May 11 2017 14:58:45 GMT+0530 (IST)] "GET /bower_components/angular/angular.min.js" "Mozilla/5.0 (Macintosh; Intel Mac OS X 10_12_4) AppleWebKit/603.1.30 (KHTML, like Gecko) Version/10.1 Safari/603.1.30"
[Thu May 11 2017 14:58:45 GMT+0530 (IST)] "GET /js/app.js" "Mozilla/5.0 (Macintosh; Intel Mac OS X 10_12_4) AppleWebKit/603.1.30 (KHTML, like Gecko) Version/10.1 Safari/603.1.30"
[Thu May 11 2017 14:58:45 GMT+0530 (IST)] "GET /bower_components/cryptojslib/rollups/sha256.js" "Mozilla/5.0 (Macintosh; Intel Mac OS X 10_12_4) AppleWebKit/603.1.30 (KHTML, like Gecko) Version/10.1 Safari/603.1.30"
[Thu May 11 2017 14:58:54 GMT+0530 (IST)] "GET /" "Mozilla/5.0 (Macintosh; Intel Mac OS X 10_12_4) AppleWebKit/603.1.30 (KHTML, like Gecko) Version/10.1 Safari/603.1.30"
[Thu May 11 2017 14:58:54 GMT+0530 (IST)] "GET /node_modules/dygraphs/dist/dygraph.js" "Mozilla/5.0 (Macintosh; Intel Mac OS X 10_12_4) AppleWebKit/603.1.30 (KHTML, like Gecko) Version/10.1 Safari/603.1.30"
[Thu May 11 2017 14:58:54 GMT+0530 (IST)] "GET /bower_components/bootstrap/dist/css/bootstrap.min.css" "Mozilla/5.0 (Macintosh; Intel Mac OS X 10_12_4) AppleWebKit/603.1.30 (KHTML, like Gecko) Version/10.1 Safari/603.1.30"
[Thu May 11 2017 14:58:54 GMT+0530 (IST)] "GET /bower_components/moment/min/moment.min.js" "Mozilla/5.0 (Macintosh; Intel Mac OS X 10_12_4) AppleWebKit/603.1.30 (KHTML, like Gecko) Version/10.1 Safari/603.1.30"
[Thu May 11 2017 14:58:54 GMT+0530 (IST)] "GET /bower_components/angular/angular.min.js" "Mozilla/5.0 (Macintosh; Intel Mac OS X 10_12_4) AppleWebKit/603.1.30 (KHTML, like Gecko) Version/10.1 Safari/603.1.30"
[Thu May 11 2017 14:58:54 GMT+0530 (IST)] "GET /bower_components/paho-mqtt-js/mqttws31.js" "Mozilla/5.0 (Macintosh; Intel Mac OS X 10_12_4) AppleWebKit/603.1.30 (KHTML, like Gecko) Version/10.1 Safari/603.1.30"
[Thu May 11 2017 14:58:54 GMT+0530 (IST)] "GET /bower_components/cryptojslib/rollups/sha256.js" "Mozilla/5.0 (Macintosh; Intel Mac OS X 10_12_4) AppleWebKit/603.1.30 (KHTML, like Gecko) Version/10.1 Safari/603.1.30"
[Thu May 11 2017 14:58:54 GMT+0530 (IST)] "GET /bower_components/cryptojslib/rollups/hmac-sha256.js" "Mozilla/5.0 (Macintosh; Intel Mac OS X 10_12_4) AppleWebKit/603.1.30 (KHTML, like Gecko) Version/10.1 Safari/603.1.30"
[Thu May 11 2017 14:58:54 GMT+0530 (IST)] "GET /js/app.js" "Mozilla/5.0 (Macintosh; Intel Mac OS X 10_12_4) AppleWebKit/603.1.30 (KHTML, like Gecko) Version/10.1 Safari/603.1.30"
[Thu May 11 2017 14:59:05 GMT+0530 (IST)] "GET /" "Mozilla/5.0 (Macintosh; Intel Mac OS X 10_12_4) AppleWebKit/603.1.30 (KHTML, like Gecko) Version/10.1 Safari/603.1.30"
[Thu May 11 2017 14:59:05 GMT+0530 (IST)] "GET /bower_components/bootstrap/dist/css/bootstrap.min.css" "Mozilla/5.0 (Macintosh; Intel Mac OS X 10_12_4) AppleWebKit/603.1.30 (KHTML, like Gecko) Version/10.1 Safari/603.1.30"
[Thu May 11 2017 14:59:05 GMT+0530 (IST)] "GET /bower_components/moment/min/moment.min.js" "Mozilla/5.0 (Macintosh; Intel Mac OS X 10_12_4) AppleWebKit/603.1.30 (KHTML, like Gecko) Version/10.1 Safari/603.1.30"
[Thu May 11 2017 14:59:05 GMT+0530 (IST)] "GET /node_modules/dygraphs/dist/dygraph.js" "Mozilla/5.0 (Macintosh; Intel Mac OS X 10_12_4) AppleWebKit/603.1.30 (KHTML, like Gecko) Version/10.1 Safari/603.1.30"
[Thu May 11 2017 14:59:05 GMT+0530 (IST)] "GET /bower_components/angular/angular.min.js" "Mozilla/5.0 (Macintosh; Intel Mac OS X 10_12_4) AppleWebKit/603.1.30 (KHTML, like Gecko) Version/10.1 Safari/603.1.30"
[Thu May 11 2017 14:59:05 GMT+0530 (IST)] "GET /bower_components/paho-mqtt-js/mqttws31.js" "Mozilla/5.0 (Macintosh; Intel Mac OS X 10_12_4) AppleWebKit/603.1.30 (KHTML, like Gecko) Version/10.1 Safari/603.1.30"
[Thu May 11 2017 14:59:05 GMT+0530 (IST)] "GET /bower_components/cryptojslib/rollups/sha256.js" "Mozilla/5.0 (Macintosh; Intel Mac OS X 10_12_4) AppleWebKit/603.1.30 (KHTML, like Gecko) Version/10.1 Safari/603.1.30"
[Thu May 11 2017 14:59:05 GMT+0530 (IST)] "GET /bower_components/cryptojslib/rollups/hmac-sha256.js" "Mozilla/5.0 (Macintosh; Intel Mac OS X 10_12_4) AppleWebKit/603.1.30 (KHTML, like Gecko) Version/10.1 Safari/603.1.30"
[Thu May 11 2017 14:59:05 GMT+0530 (IST)] "GET /js/app.js" "Mozilla/5.0 (Macintosh; Intel Mac OS X 10_12_4) AppleWebKit/603.1.30 (KHTML, like Gecko) Version/10.1 Safari/603.1.30"
[Thu May 11 2017 15:00:12 GMT+0530 (IST)] "GET /" "Mozilla/5.0 (Macintosh; Intel Mac OS X 10_12_4) AppleWebKit/603.1.30 (KHTML, like Gecko) Version/10.1 Safari/603.1.30"
[Thu May 11 2017 15:00:12 GMT+0530 (IST)] "GET /bower_components/bootstrap/dist/css/bootstrap.min.css" "Mozilla/5.0 (Macintosh; Intel Mac OS X 10_12_4) AppleWebKit/603.1.30 (KHTML, like Gecko) Version/10.1 Safari/603.1.30"
[Thu May 11 2017 15:00:12 GMT+0530 (IST)] "GET /bower_components/cryptojslib/rollups/hmac-sha256.js" "Mozilla/5.0 (Macintosh; Intel Mac OS X 10_12_4) AppleWebKit/603.1.30 (KHTML, like Gecko) Version/10.1 Safari/603.1.30"
[Thu May 11 2017 15:00:12 GMT+0530 (IST)] "GET /node_modules/dygraphs/dist/dygraph.js" "Mozilla/5.0 (Macintosh; Intel Mac OS X 10_12_4) AppleWebKit/603.1.30 (KHTML, like Gecko) Version/10.1 Safari/603.1.30"
[Thu May 11 2017 15:00:12 GMT+0530 (IST)] "GET /bower_components/cryptojslib/rollups/sha256.js" "Mozilla/5.0 (Macintosh; Intel Mac OS X 10_12_4) AppleWebKit/603.1.30 (KHTML, like Gecko) Version/10.1 Safari/603.1.30"
[Thu May 11 2017 15:00:12 GMT+0530 (IST)] "GET /bower_components/angular/angular.min.js" "Mozilla/5.0 (Macintosh; Intel Mac OS X 10_12_4) AppleWebKit/603.1.30 (KHTML, like Gecko) Version/10.1 Safari/603.1.30"
[Thu May 11 2017 15:00:12 GMT+0530 (IST)] "GET /js/app.js" "Mozilla/5.0 (Macintosh; Intel Mac OS X 10_12_4) AppleWebKit/603.1.30 (KHTML, like Gecko) Version/10.1 Safari/603.1.30"
[Thu May 11 2017 15:00:12 GMT+0530 (IST)] "GET /bower_components/paho-mqtt-js/mqttws31.js" "Mozilla/5.0 (Macintosh; Intel Mac OS X 10_12_4) AppleWebKit/603.1.30 (KHTML, like Gecko) Version/10.1 Safari/603.1.30"
[Thu May 11 2017 15:00:12 GMT+0530 (IST)] "GET /bower_components/moment/min/moment.min.js" "Mozilla/5.0 (Macintosh; Intel Mac OS X 10_12_4) AppleWebKit/603.1.30 (KHTML, like Gecko) Version/10.1 Safari/603.1.30"
[Thu May 11 2017 15:00:22 GMT+0530 (IST)] "GET /" "Mozilla/5.0 (Macintosh; Intel Mac OS X 10_12_4) AppleWebKit/603.1.30 (KHTML, like Gecko) Version/10.1 Safari/603.1.30"
[Thu May 11 2017 15:00:22 GMT+0530 (IST)] "GET /node_modules/dygraphs/dist/dygraph.js" "Mozilla/5.0 (Macintosh; Intel Mac OS X 10_12_4) AppleWebKit/603.1.30 (KHTML, like Gecko) Version/10.1 Safari/603.1.30"
[Thu May 11 2017 15:00:22 GMT+0530 (IST)] "GET /bower_components/bootstrap/dist/css/bootstrap.min.css" "Mozilla/5.0 (Macintosh; Intel Mac OS X 10_12_4) AppleWebKit/603.1.30 (KHTML, like Gecko) Version/10.1 Safari/603.1.30"
[Thu May 11 2017 15:00:22 GMT+0530 (IST)] "GET /bower_components/moment/min/moment.min.js" "Mozilla/5.0 (Macintosh; Intel Mac OS X 10_12_4) AppleWebKit/603.1.30 (KHTML, like Gecko) Version/10.1 Safari/603.1.30"
[Thu May 11 2017 15:00:22 GMT+0530 (IST)] "GET /bower_components/angular/angular.min.js" "Mozilla/5.0 (Macintosh; Intel Mac OS X 10_12_4) AppleWebKit/603.1.30 (KHTML, like Gecko) Version/10.1 Safari/603.1.30"
[Thu May 11 2017 15:00:22 GMT+0530 (IST)] "GET /bower_components/paho-mqtt-js/mqttws31.js" "Mozilla/5.0 (Macintosh; Intel Mac OS X 10_12_4) AppleWebKit/603.1.30 (KHTML, like Gecko) Version/10.1 Safari/603.1.30"
[Thu May 11 2017 15:00:22 GMT+0530 (IST)] "GET /bower_components/cryptojslib/rollups/sha256.js" "Mozilla/5.0 (Macintosh; Intel Mac OS X 10_12_4) AppleWebKit/603.1.30 (KHTML, like Gecko) Version/10.1 Safari/603.1.30"
[Thu May 11 2017 15:00:22 GMT+0530 (IST)] "GET /js/app.js" "Mozilla/5.0 (Macintosh; Intel Mac OS X 10_12_4) AppleWebKit/603.1.30 (KHTML, like Gecko) Version/10.1 Safari/603.1.30"
[Thu May 11 2017 15:00:22 GMT+0530 (IST)] "GET /bower_components/cryptojslib/rollups/hmac-sha256.js" "Mozilla/5.0 (Macintosh; Intel Mac OS X 10_12_4) AppleWebKit/603.1.30 (KHTML, like Gecko) Version/10.1 Safari/603.1.30"
[Thu May 11 2017 15:00:58 GMT+0530 (IST)] "GET /" "Mozilla/5.0 (Macintosh; Intel Mac OS X 10_12_4) AppleWebKit/603.1.30 (KHTML, like Gecko) Version/10.1 Safari/603.1.30"
[Thu May 11 2017 15:00:58 GMT+0530 (IST)] "GET /bower_components/bootstrap/dist/css/bootstrap.min.css" "Mozilla/5.0 (Macintosh; Intel Mac OS X 10_12_4) AppleWebKit/603.1.30 (KHTML, like Gecko) Version/10.1 Safari/603.1.30"
[Thu May 11 2017 15:00:58 GMT+0530 (IST)] "GET /bower_components/moment/min/moment.min.js" "Mozilla/5.0 (Macintosh; Intel Mac OS X 10_12_4) AppleWebKit/603.1.30 (KHTML, like Gecko) Version/10.1 Safari/603.1.30"
[Thu May 11 2017 15:00:58 GMT+0530 (IST)] "GET /node_modules/dygraphs/dist/dygraph.js" "Mozilla/5.0 (Macintosh; Intel Mac OS X 10_12_4) AppleWebKit/603.1.30 (KHTML, like Gecko) Version/10.1 Safari/603.1.30"
[Thu May 11 2017 15:00:58 GMT+0530 (IST)] "GET /bower_components/angular/angular.min.js" "Mozilla/5.0 (Macintosh; Intel Mac OS X 10_12_4) AppleWebKit/603.1.30 (KHTML, like Gecko) Version/10.1 Safari/603.1.30"
[Thu May 11 2017 15:00:58 GMT+0530 (IST)] "GET /bower_components/paho-mqtt-js/mqttws31.js" "Mozilla/5.0 (Macintosh; Intel Mac OS X 10_12_4) AppleWebKit/603.1.30 (KHTML, like Gecko) Version/10.1 Safari/603.1.30"
[Thu May 11 2017 15:00:58 GMT+0530 (IST)] "GET /bower_components/cryptojslib/rollups/sha256.js" "Mozilla/5.0 (Macintosh; Intel Mac OS X 10_12_4) AppleWebKit/603.1.30 (KHTML, like Gecko) Version/10.1 Safari/603.1.30"
[Thu May 11 2017 15:00:58 GMT+0530 (IST)] "GET /bower_components/cryptojslib/rollups/hmac-sha256.js" "Mozilla/5.0 (Macintosh; Intel Mac OS X 10_12_4) AppleWebKit/603.1.30 (KHTML, like Gecko) Version/10.1 Safari/603.1.30"
[Thu May 11 2017 15:00:58 GMT+0530 (IST)] "GET /js/app.js" "Mozilla/5.0 (Macintosh; Intel Mac OS X 10_12_4) AppleWebKit/603.1.30 (KHTML, like Gecko) Version/10.1 Safari/603.1.30"
[Thu May 11 2017 15:00:58 GMT+0530 (IST)] "GET /bower_components/bootstrap/dist/css/bootstrap.min.css.map" "Mozilla/5.0 (Macintosh; Intel Mac OS X 10_12_4) AppleWebKit/603.1.30 (KHTML, like Gecko) Version/10.1 Safari/603.1.30"
[Thu May 11 2017 15:01:26 GMT+0530 (IST)] "GET /" "Mozilla/5.0 (Macintosh; Intel Mac OS X 10_12_4) AppleWebKit/603.1.30 (KHTML, like Gecko) Version/10.1 Safari/603.1.30"
[Thu May 11 2017 15:01:26 GMT+0530 (IST)] "GET /bower_components/bootstrap/dist/css/bootstrap.min.css" "Mozilla/5.0 (Macintosh; Intel Mac OS X 10_12_4) AppleWebKit/603.1.30 (KHTML, like Gecko) Version/10.1 Safari/603.1.30"
[Thu May 11 2017 15:01:26 GMT+0530 (IST)] "GET /node_modules/dygraphs/dist/dygraph.js" "Mozilla/5.0 (Macintosh; Intel Mac OS X 10_12_4) AppleWebKit/603.1.30 (KHTML, like Gecko) Version/10.1 Safari/603.1.30"
[Thu May 11 2017 15:01:26 GMT+0530 (IST)] "GET /bower_components/moment/min/moment.min.js" "Mozilla/5.0 (Macintosh; Intel Mac OS X 10_12_4) AppleWebKit/603.1.30 (KHTML, like Gecko) Version/10.1 Safari/603.1.30"
[Thu May 11 2017 15:01:26 GMT+0530 (IST)] "GET /bower_components/angular/angular.min.js" "Mozilla/5.0 (Macintosh; Intel Mac OS X 10_12_4) AppleWebKit/603.1.30 (KHTML, like Gecko) Version/10.1 Safari/603.1.30"
[Thu May 11 2017 15:01:26 GMT+0530 (IST)] "GET /bower_components/paho-mqtt-js/mqttws31.js" "Mozilla/5.0 (Macintosh; Intel Mac OS X 10_12_4) AppleWebKit/603.1.30 (KHTML, like Gecko) Version/10.1 Safari/603.1.30"
[Thu May 11 2017 15:01:26 GMT+0530 (IST)] "GET /bower_components/cryptojslib/rollups/sha256.js" "Mozilla/5.0 (Macintosh; Intel Mac OS X 10_12_4) AppleWebKit/603.1.30 (KHTML, like Gecko) Version/10.1 Safari/603.1.30"
[Thu May 11 2017 15:01:26 GMT+0530 (IST)] "GET /bower_components/cryptojslib/rollups/hmac-sha256.js" "Mozilla/5.0 (Macintosh; Intel Mac OS X 10_12_4) AppleWebKit/603.1.30 (KHTML, like Gecko) Version/10.1 Safari/603.1.30"
[Thu May 11 2017 15:01:26 GMT+0530 (IST)] "GET /js/app.js" "Mozilla/5.0 (Macintosh; Intel Mac OS X 10_12_4) AppleWebKit/603.1.30 (KHTML, like Gecko) Version/10.1 Safari/603.1.30"
[Thu May 11 2017 15:10:08 GMT+0530 (IST)] "GET /" "Mozilla/5.0 (Macintosh; Intel Mac OS X 10_12_4) AppleWebKit/603.1.30 (KHTML, like Gecko) Version/10.1 Safari/603.1.30"
[Thu May 11 2017 15:10:08 GMT+0530 (IST)] "GET /bower_components/bootstrap/dist/css/bootstrap.min.css" "Mozilla/5.0 (Macintosh; Intel Mac OS X 10_12_4) AppleWebKit/603.1.30 (KHTML, like Gecko) Version/10.1 Safari/603.1.30"
[Thu May 11 2017 15:10:08 GMT+0530 (IST)] "GET /js/app.js" "Mozilla/5.0 (Macintosh; Intel Mac OS X 10_12_4) AppleWebKit/603.1.30 (KHTML, like Gecko) Version/10.1 Safari/603.1.30"
[Thu May 11 2017 15:10:08 GMT+0530 (IST)] "GET /bower_components/moment/min/moment.min.js" "Mozilla/5.0 (Macintosh; Intel Mac OS X 10_12_4) AppleWebKit/603.1.30 (KHTML, like Gecko) Version/10.1 Safari/603.1.30"
[Thu May 11 2017 15:10:08 GMT+0530 (IST)] "GET /bower_components/angular/angular.min.js" "Mozilla/5.0 (Macintosh; Intel Mac OS X 10_12_4) AppleWebKit/603.1.30 (KHTML, like Gecko) Version/10.1 Safari/603.1.30"
[Thu May 11 2017 15:10:08 GMT+0530 (IST)] "GET /bower_components/cryptojslib/rollups/sha256.js" "Mozilla/5.0 (Macintosh; Intel Mac OS X 10_12_4) AppleWebKit/603.1.30 (KHTML, like Gecko) Version/10.1 Safari/603.1.30"
[Thu May 11 2017 15:10:08 GMT+0530 (IST)] "GET /bower_components/cryptojslib/rollups/hmac-sha256.js" "Mozilla/5.0 (Macintosh; Intel Mac OS X 10_12_4) AppleWebKit/603.1.30 (KHTML, like Gecko) Version/10.1 Safari/603.1.30"
[Thu May 11 2017 15:10:08 GMT+0530 (IST)] "GET /bower_components/paho-mqtt-js/mqttws31.js" "Mozilla/5.0 (Macintosh; Intel Mac OS X 10_12_4) AppleWebKit/603.1.30 (KHTML, like Gecko) Version/10.1 Safari/603.1.30"
[Thu May 11 2017 15:14:33 GMT+0530 (IST)] "GET /" "Mozilla/5.0 (Macintosh; Intel Mac OS X 10_12_4) AppleWebKit/603.1.30 (KHTML, like Gecko) Version/10.1 Safari/603.1.30"
[Thu May 11 2017 15:14:33 GMT+0530 (IST)] "GET /bower_components/bootstrap/dist/css/bootstrap.min.css" "Mozilla/5.0 (Macintosh; Intel Mac OS X 10_12_4) AppleWebKit/603.1.30 (KHTML, like Gecko) Version/10.1 Safari/603.1.30"
[Thu May 11 2017 15:14:33 GMT+0530 (IST)] "GET /bower_components/angular/angular.min.js" "Mozilla/5.0 (Macintosh; Intel Mac OS X 10_12_4) AppleWebKit/603.1.30 (KHTML, like Gecko) Version/10.1 Safari/603.1.30"
[Thu May 11 2017 15:14:33 GMT+0530 (IST)] "GET /bower_components/cryptojslib/rollups/hmac-sha256.js" "Mozilla/5.0 (Macintosh; Intel Mac OS X 10_12_4) AppleWebKit/603.1.30 (KHTML, like Gecko) Version/10.1 Safari/603.1.30"
[Thu May 11 2017 15:14:33 GMT+0530 (IST)] "GET /bower_components/paho-mqtt-js/mqttws31.js" "Mozilla/5.0 (Macintosh; Intel Mac OS X 10_12_4) AppleWebKit/603.1.30 (KHTML, like Gecko) Version/10.1 Safari/603.1.30"
[Thu May 11 2017 15:14:33 GMT+0530 (IST)] "GET /bower_components/moment/min/moment.min.js" "Mozilla/5.0 (Macintosh; Intel Mac OS X 10_12_4) AppleWebKit/603.1.30 (KHTML, like Gecko) Version/10.1 Safari/603.1.30"
[Thu May 11 2017 15:14:33 GMT+0530 (IST)] "GET /js/app.js" "Mozilla/5.0 (Macintosh; Intel Mac OS X 10_12_4) AppleWebKit/603.1.30 (KHTML, like Gecko) Version/10.1 Safari/603.1.30"
[Thu May 11 2017 15:14:33 GMT+0530 (IST)] "GET /bower_components/cryptojslib/rollups/sha256.js" "Mozilla/5.0 (Macintosh; Intel Mac OS X 10_12_4) AppleWebKit/603.1.30 (KHTML, like Gecko) Version/10.1 Safari/603.1.30"
[Thu May 11 2017 15:14:33 GMT+0530 (IST)] "GET /js/canvasjs.min.js" "Mozilla/5.0 (Macintosh; Intel Mac OS X 10_12_4) AppleWebKit/603.1.30 (KHTML, like Gecko) Version/10.1 Safari/603.1.30"
[Thu May 11 2017 15:19:13 GMT+0530 (IST)] "GET /" "Mozilla/5.0 (Macintosh; Intel Mac OS X 10_12_4) AppleWebKit/603.1.30 (KHTML, like Gecko) Version/10.1 Safari/603.1.30"
[Thu May 11 2017 15:19:13 GMT+0530 (IST)] "GET /bower_components/bootstrap/dist/css/bootstrap.min.css" "Mozilla/5.0 (Macintosh; Intel Mac OS X 10_12_4) AppleWebKit/603.1.30 (KHTML, like Gecko) Version/10.1 Safari/603.1.30"
[Thu May 11 2017 15:19:13 GMT+0530 (IST)] "GET /js/canvasjs.min.js" "Mozilla/5.0 (Macintosh; Intel Mac OS X 10_12_4) AppleWebKit/603.1.30 (KHTML, like Gecko) Version/10.1 Safari/603.1.30"
[Thu May 11 2017 15:19:13 GMT+0530 (IST)] "GET /bower_components/moment/min/moment.min.js" "Mozilla/5.0 (Macintosh; Intel Mac OS X 10_12_4) AppleWebKit/603.1.30 (KHTML, like Gecko) Version/10.1 Safari/603.1.30"
[Thu May 11 2017 15:19:13 GMT+0530 (IST)] "GET /bower_components/cryptojslib/rollups/hmac-sha256.js" "Mozilla/5.0 (Macintosh; Intel Mac OS X 10_12_4) AppleWebKit/603.1.30 (KHTML, like Gecko) Version/10.1 Safari/603.1.30"
[Thu May 11 2017 15:19:13 GMT+0530 (IST)] "GET /bower_components/angular/angular.min.js" "Mozilla/5.0 (Macintosh; Intel Mac OS X 10_12_4) AppleWebKit/603.1.30 (KHTML, like Gecko) Version/10.1 Safari/603.1.30"
[Thu May 11 2017 15:19:13 GMT+0530 (IST)] "GET /bower_components/cryptojslib/rollups/sha256.js" "Mozilla/5.0 (Macintosh; Intel Mac OS X 10_12_4) AppleWebKit/603.1.30 (KHTML, like Gecko) Version/10.1 Safari/603.1.30"
[Thu May 11 2017 15:19:13 GMT+0530 (IST)] "GET /js/app.js" "Mozilla/5.0 (Macintosh; Intel Mac OS X 10_12_4) AppleWebKit/603.1.30 (KHTML, like Gecko) Version/10.1 Safari/603.1.30"
[Thu May 11 2017 15:19:13 GMT+0530 (IST)] "GET /bower_components/paho-mqtt-js/mqttws31.js" "Mozilla/5.0 (Macintosh; Intel Mac OS X 10_12_4) AppleWebKit/603.1.30 (KHTML, like Gecko) Version/10.1 Safari/603.1.30"
[Thu May 11 2017 15:24:29 GMT+0530 (IST)] "GET /" "Mozilla/5.0 (Macintosh; Intel Mac OS X 10_12_4) AppleWebKit/603.1.30 (KHTML, like Gecko) Version/10.1 Safari/603.1.30"
[Thu May 11 2017 15:24:29 GMT+0530 (IST)] "GET /bower_components/bootstrap/dist/css/bootstrap.min.css" "Mozilla/5.0 (Macintosh; Intel Mac OS X 10_12_4) AppleWebKit/603.1.30 (KHTML, like Gecko) Version/10.1 Safari/603.1.30"
[Thu May 11 2017 15:24:29 GMT+0530 (IST)] "GET /bower_components/moment/min/moment.min.js" "Mozilla/5.0 (Macintosh; Intel Mac OS X 10_12_4) AppleWebKit/603.1.30 (KHTML, like Gecko) Version/10.1 Safari/603.1.30"
[Thu May 11 2017 15:24:29 GMT+0530 (IST)] "GET /js/canvasjs.min.js" "Mozilla/5.0 (Macintosh; Intel Mac OS X 10_12_4) AppleWebKit/603.1.30 (KHTML, like Gecko) Version/10.1 Safari/603.1.30"
[Thu May 11 2017 15:24:29 GMT+0530 (IST)] "GET /bower_components/angular/angular.min.js" "Mozilla/5.0 (Macintosh; Intel Mac OS X 10_12_4) AppleWebKit/603.1.30 (KHTML, like Gecko) Version/10.1 Safari/603.1.30"
[Thu May 11 2017 15:24:29 GMT+0530 (IST)] "GET /bower_components/cryptojslib/rollups/sha256.js" "Mozilla/5.0 (Macintosh; Intel Mac OS X 10_12_4) AppleWebKit/603.1.30 (KHTML, like Gecko) Version/10.1 Safari/603.1.30"
[Thu May 11 2017 15:24:29 GMT+0530 (IST)] "GET /bower_components/paho-mqtt-js/mqttws31.js" "Mozilla/5.0 (Macintosh; Intel Mac OS X 10_12_4) AppleWebKit/603.1.30 (KHTML, like Gecko) Version/10.1 Safari/603.1.30"
[Thu May 11 2017 15:24:29 GMT+0530 (IST)] "GET /bower_components/cryptojslib/rollups/hmac-sha256.js" "Mozilla/5.0 (Macintosh; Intel Mac OS X 10_12_4) AppleWebKit/603.1.30 (KHTML, like Gecko) Version/10.1 Safari/603.1.30"
[Thu May 11 2017 15:24:29 GMT+0530 (IST)] "GET /js/app.js" "Mozilla/5.0 (Macintosh; Intel Mac OS X 10_12_4) AppleWebKit/603.1.30 (KHTML, like Gecko) Version/10.1 Safari/603.1.30"
[Thu May 11 2017 15:25:26 GMT+0530 (IST)] "GET /" "Mozilla/5.0 (Macintosh; Intel Mac OS X 10_12_4) AppleWebKit/603.1.30 (KHTML, like Gecko) Version/10.1 Safari/603.1.30"
[Thu May 11 2017 15:25:27 GMT+0530 (IST)] "GET /bower_components/bootstrap/dist/css/bootstrap.min.css" "Mozilla/5.0 (Macintosh; Intel Mac OS X 10_12_4) AppleWebKit/603.1.30 (KHTML, like Gecko) Version/10.1 Safari/603.1.30"
[Thu May 11 2017 15:25:27 GMT+0530 (IST)] "GET /js/app.js" "Mozilla/5.0 (Macintosh; Intel Mac OS X 10_12_4) AppleWebKit/603.1.30 (KHTML, like Gecko) Version/10.1 Safari/603.1.30"
[Thu May 11 2017 15:25:27 GMT+0530 (IST)] "GET /bower_components/moment/min/moment.min.js" "Mozilla/5.0 (Macintosh; Intel Mac OS X 10_12_4) AppleWebKit/603.1.30 (KHTML, like Gecko) Version/10.1 Safari/603.1.30"
[Thu May 11 2017 15:25:27 GMT+0530 (IST)] "GET /bower_components/paho-mqtt-js/mqttws31.js" "Mozilla/5.0 (Macintosh; Intel Mac OS X 10_12_4) AppleWebKit/603.1.30 (KHTML, like Gecko) Version/10.1 Safari/603.1.30"
[Thu May 11 2017 15:25:27 GMT+0530 (IST)] "GET /bower_components/angular/angular.min.js" "Mozilla/5.0 (Macintosh; Intel Mac OS X 10_12_4) AppleWebKit/603.1.30 (KHTML, like Gecko) Version/10.1 Safari/603.1.30"
[Thu May 11 2017 15:25:27 GMT+0530 (IST)] "GET /bower_components/cryptojslib/rollups/hmac-sha256.js" "Mozilla/5.0 (Macintosh; Intel Mac OS X 10_12_4) AppleWebKit/603.1.30 (KHTML, like Gecko) Version/10.1 Safari/603.1.30"
[Thu May 11 2017 15:25:27 GMT+0530 (IST)] "GET /bower_components/cryptojslib/rollups/sha256.js" "Mozilla/5.0 (Macintosh; Intel Mac OS X 10_12_4) AppleWebKit/603.1.30 (KHTML, like Gecko) Version/10.1 Safari/603.1.30"
[Thu May 11 2017 15:25:27 GMT+0530 (IST)] "GET /js/canvasjs.min.js" "Mozilla/5.0 (Macintosh; Intel Mac OS X 10_12_4) AppleWebKit/603.1.30 (KHTML, like Gecko) Version/10.1 Safari/603.1.30"
[Thu May 11 2017 15:28:56 GMT+0530 (IST)] "GET /" "Mozilla/5.0 (Macintosh; Intel Mac OS X 10_12_4) AppleWebKit/603.1.30 (KHTML, like Gecko) Version/10.1 Safari/603.1.30"
[Thu May 11 2017 15:28:56 GMT+0530 (IST)] "GET /bower_components/bootstrap/dist/css/bootstrap.min.css" "Mozilla/5.0 (Macintosh; Intel Mac OS X 10_12_4) AppleWebKit/603.1.30 (KHTML, like Gecko) Version/10.1 Safari/603.1.30"
[Thu May 11 2017 15:28:56 GMT+0530 (IST)] "GET /js/app.js" "Mozilla/5.0 (Macintosh; Intel Mac OS X 10_12_4) AppleWebKit/603.1.30 (KHTML, like Gecko) Version/10.1 Safari/603.1.30"
[Thu May 11 2017 15:28:56 GMT+0530 (IST)] "GET /bower_components/paho-mqtt-js/mqttws31.js" "Mozilla/5.0 (Macintosh; Intel Mac OS X 10_12_4) AppleWebKit/603.1.30 (KHTML, like Gecko) Version/10.1 Safari/603.1.30"
[Thu May 11 2017 15:28:56 GMT+0530 (IST)] "GET /bower_components/cryptojslib/rollups/sha256.js" "Mozilla/5.0 (Macintosh; Intel Mac OS X 10_12_4) AppleWebKit/603.1.30 (KHTML, like Gecko) Version/10.1 Safari/603.1.30"
[Thu May 11 2017 15:28:56 GMT+0530 (IST)] "GET /bower_components/angular/angular.min.js" "Mozilla/5.0 (Macintosh; Intel Mac OS X 10_12_4) AppleWebKit/603.1.30 (KHTML, like Gecko) Version/10.1 Safari/603.1.30"
[Thu May 11 2017 15:28:56 GMT+0530 (IST)] "GET /bower_components/moment/min/moment.min.js" "Mozilla/5.0 (Macintosh; Intel Mac OS X 10_12_4) AppleWebKit/603.1.30 (KHTML, like Gecko) Version/10.1 Safari/603.1.30"
[Thu May 11 2017 15:28:56 GMT+0530 (IST)] "GET /bower_components/cryptojslib/rollups/hmac-sha256.js" "Mozilla/5.0 (Macintosh; Intel Mac OS X 10_12_4) AppleWebKit/603.1.30 (KHTML, like Gecko) Version/10.1 Safari/603.1.30"
[Thu May 11 2017 15:28:56 GMT+0530 (IST)] "GET /js/canvasjs.min.js" "Mozilla/5.0 (Macintosh; Intel Mac OS X 10_12_4) AppleWebKit/603.1.30 (KHTML, like Gecko) Version/10.1 Safari/603.1.30"
[Thu May 11 2017 15:29:57 GMT+0530 (IST)] "GET /" "Mozilla/5.0 (Macintosh; Intel Mac OS X 10_12_4) AppleWebKit/603.1.30 (KHTML, like Gecko) Version/10.1 Safari/603.1.30"
[Thu May 11 2017 15:29:57 GMT+0530 (IST)] "GET /bower_components/bootstrap/dist/css/bootstrap.min.css" "Mozilla/5.0 (Macintosh; Intel Mac OS X 10_12_4) AppleWebKit/603.1.30 (KHTML, like Gecko) Version/10.1 Safari/603.1.30"
[Thu May 11 2017 15:29:57 GMT+0530 (IST)] "GET /js/app.js" "Mozilla/5.0 (Macintosh; Intel Mac OS X 10_12_4) AppleWebKit/603.1.30 (KHTML, like Gecko) Version/10.1 Safari/603.1.30"
[Thu May 11 2017 15:29:57 GMT+0530 (IST)] "GET /bower_components/moment/min/moment.min.js" "Mozilla/5.0 (Macintosh; Intel Mac OS X 10_12_4) AppleWebKit/603.1.30 (KHTML, like Gecko) Version/10.1 Safari/603.1.30"
[Thu May 11 2017 15:29:57 GMT+0530 (IST)] "GET /bower_components/paho-mqtt-js/mqttws31.js" "Mozilla/5.0 (Macintosh; Intel Mac OS X 10_12_4) AppleWebKit/603.1.30 (KHTML, like Gecko) Version/10.1 Safari/603.1.30"
[Thu May 11 2017 15:29:57 GMT+0530 (IST)] "GET /bower_components/angular/angular.min.js" "Mozilla/5.0 (Macintosh; Intel Mac OS X 10_12_4) AppleWebKit/603.1.30 (KHTML, like Gecko) Version/10.1 Safari/603.1.30"
[Thu May 11 2017 15:29:57 GMT+0530 (IST)] "GET /bower_components/cryptojslib/rollups/sha256.js" "Mozilla/5.0 (Macintosh; Intel Mac OS X 10_12_4) AppleWebKit/603.1.30 (KHTML, like Gecko) Version/10.1 Safari/603.1.30"
[Thu May 11 2017 15:29:57 GMT+0530 (IST)] "GET /js/canvasjs.min.js" "Mozilla/5.0 (Macintosh; Intel Mac OS X 10_12_4) AppleWebKit/603.1.30 (KHTML, like Gecko) Version/10.1 Safari/603.1.30"
[Thu May 11 2017 15:29:57 GMT+0530 (IST)] "GET /bower_components/cryptojslib/rollups/hmac-sha256.js" "Mozilla/5.0 (Macintosh; Intel Mac OS X 10_12_4) AppleWebKit/603.1.30 (KHTML, like Gecko) Version/10.1 Safari/603.1.30"
http-server stopped.
